     1                                      ;################################################################################
     2                                  ;#	Título: Modulo de iniciacion en 16 bits										#
     3                                  ;#																				#
     4                                  ;#	Versión:		2.0							Fecha: 	21/08/2015				#
     5                                  ;#	Autor: 			D. Garcia / D. Alpern		Tab: 	4						#
     6                                  ;#	Compilación:	Usar Makefile												#
     7                                  ;#	Uso: 			-															#
     8                                  ;#	------------------------------------------------------------------------	#
     9                                  ;#	Descripción:	Inicializacion de PCI y perifericos basicos	para una PC		#
    10                                  ;#					Reemplaza el BIOS iniciando en 0xFFFFFFF0					#
    11                                  ;#	------------------------------------------------------------------------	#
    12                                  ;#	Revisiones:																	#
    13                                  ;#		2.0 | 21/08/2015 | D.GARCIA | Reemplazo de BIOS							#
    14                                  ;#		1.0 | 04/03/2013 | D.GARCIA | Inicial									#
    15                                  ;#	------------------------------------------------------------------------	#
    16                                  ;#	TODO:																		#
    17                                  ;#		-																		#
    18                                  ;################################################################################
    19                                  USE16
    20                                  
    21                                  %ifndef ROM_LOCATION							; Macro definida externamente
    22                                  	%error "ROM_LOCATION no definido"
    23                                  %endif	
    24                                  
    25                                  ;--------------------------------------------------------------------------------
    26                                  ; Macros
    27                                  ;--------------------------------------------------------------------------------
    28                                  %define 	CR0_PE	0x00000001 					; Protection Enable
    29                                  %define	 	CR0_PG	0x80000000 					; Paginacion
    30                                  
    31                                  %macro 		leer_registro_pci 1 				; 1 parámetro
    32                                  	mov 	eax, %1
    33                                  	or 		eax, esi
    34                                  	mov		dx, 0x0CF8
    35                                  	out 	dx, eax    							; Escribir palabra de configuración.
    36                                  	mov 	dx, 0x0CFC
    37                                  	in 		eax, dx   							; Verificar si existe el dispositivo.
    38                                  %endmacro
    39                                  
    40                                  ;--------------------------------------------------------------------------------
    41                                  ; Salto a punto de entrada
    42                                  ;--------------------------------------------------------------------------------
    43 00000000 E9FC10                  	jmp 	bios_init	; Inicio del codigo de inicializacion
    44                                  
    45                                  ;--------------------------------------------------------------------------------
    46                                  ; Tablas de datos para inicializacion
    47                                  ;--------------------------------------------------------------------------------
    48                                  seq_regs_data:
    49 00000003 03                      	db 		0x03  		; Reset Register
    50 00000004 00                      	db 		0x00  		; Clocking Mode Register
    51 00000005 03                      	db 		0x03  		; Map Mask Register
    52 00000006 00                      	db 		0x00  		; Character Map Select Register
    53 00000007 02                      	db 		0x02 		; Sequencer Memory Mode Register
    54                                  
    55                                  crtc_regs_data:
    56 00000008 5F                      	db 		0x5F  		; Cantidad caracteres menos 5 incluyendo borde.
    57 00000009 4F                      	db 		0x4F  		; Cantidad caracteres visualizados menos 1.
    58 0000000A 50                      	db 		0x50  		; Carácter en el que comienza el blanqueo.
    59 0000000B 82                      	db 		0x82  		; Fin de blanqueo horizontal.
    60 0000000C 55                      	db 		0x55  		; Carácter donde comienza el retrazo horizontal.
    61 0000000D 81                      	db 		0x81  		; Fin del retrazo horizontal.
    62 0000000E BF                      	db 		0xBF  		; Cantidad de scan lines - 2 (0x1BF = 447).
    63 0000000F 1F                      	db 		0x1F  		; Bits 9 y 8 de varios registros.
    64 00000010 00                      	db 		0x00  		; Primer scan line a ser visualizado.
    65 00000011 4F                      	db 		0x4F  		; Bits 4-0: máxima línea de scan.
    66 00000012 0D                      	db 		0x0D  		; Scan line donde comienza el cursor.
    67 00000013 0E                      	db 		0x0E  		; Scan line donde termina el cursor.
    68 00000014 00                      	db 		0x00 	 	; Bits 15-8 del inicio del buffer de video.
    69 00000015 00                      	db	 	0x00 	 	; Bits 7-0 del inicio del buffer de video.
    70 00000016 05                      	db		0x05 		; Bits 15-8 de la posición del cursor en pantalla.
    71 00000017 50                      	db 		0x50 		; Bits 7-0 de la posición del cursor en pantalla.
    72 00000018 9C                      	db 		0x9C  		; Inicio retrazado vertical (0x19C = 412).
    73 00000019 8E                      	db 		0x8E  		; Fin retrazado vertical (bits 3-0) y protección de
    74                                  						; escritura para registros cero a 7 (bit 7).
    75 0000001A 8F                      	db 		0x8F  		; Fin de refresco vertical (0x18F = 409)
    76 0000001B 28                      	db 		0x28  		; Cantidad de bytes por scan line dividido 4.
    77 0000001C 1F                      	db 		0x1F  		; Scan line para el subrayado.
    78 0000001D 96                      	db 		0x96  		; Inicio blanqueo vertical (0x196 = 406)
    79 0000001E B9                      	db 		0xB9  		; Fin blanqueo vertical (0x1B9 = 441)
    80 0000001F A3                      	db 		0xA3  		; Registro de control de modo.
    81 00000020 FF                      	db 		0xFF  		; Registro de comparación de líneas.
    82                                  
    83                                  graphics_regs_data:
    84 00000021 00                      	db 		0x00  		; Set/Reset Register
    85 00000022 00                      	db 		0x00  		; Enable Set/Reset Register
    86 00000023 00                      	db 		0x00  		; Color Compare Register
    87 00000024 00                      	db 		0x00  		; Data Rotate Register
    88 00000025 00                      	db 		0x00  		; Graphics Mode Register  
    89 00000026 10                      	db 		0x10  		; Miscellaneous Graphics Register
    90 00000027 0E                      	db 		0x0E  		; Color Don't Care Register
    91 00000028 00                      	db 		0x00  		; Bit Mask Register
    92 00000029 FF                      	db 		0xFF
    93                                  
    94                                  attrcon_regs_data:
    95 0000002A 00                      	db 		0x00  		; Paleta para color 0.
    96 0000002B 01                      	db 		0x01  		; Paleta para color 1.
    97 0000002C 02                      	db 		0x02  		; Paleta para color 2.
    98 0000002D 03                      	db 		0x03  		; Paleta para color 3.
    99 0000002E 04                      	db 		0x04  		; Paleta para color 4.
   100 0000002F 05                      	db 		0x05  		; Paleta para color 5.
   101 00000030 14                      	db 		0x14  		; Paleta para color 6.
   102 00000031 07                      	db 		0x07  		; Paleta para color 7.
   103 00000032 38                      	db 		0x38  		; Paleta para color 8.
   104 00000033 39                      	db 		0x39  		; Paleta para color 9.
   105 00000034 3A                      	db 		0x3A  		; Paleta para color 10.
   106 00000035 3B                      	db 		0x3B  		; Paleta para color 11.
   107 00000036 3C                      	db 		0x3C  		; Paleta para color 12.
   108 00000037 3D                      	db 		0x3D  		; Paleta para color 13.
   109 00000038 3E                      	db 		0x3E  		; Paleta para color 14.
   110 00000039 3F                      	db 		0x3F  		; Paleta para color 15.
   111 0000003A 0C                      	db 		0x0C  		; Registro de control de atributos.
   112                                  						; * Bit 7: Fuente de los bits de video P5 y P4 al DAC de video
   113                                  						; * Bit 6: Habilitación de 256 colores.
   114                                  						; * Bit 5: Modo de desplazamiento de píxeles
   115                                  						; * Bit 4: No usado
   116                                  						; * Bit 3: "1" para habilitar blink, "0" para tener 16 colores de fondo.
   117                                  						; * Bit 2: Replicación de octava a novena columna para caracteres
   118                                  						;         0xC0 - 0xDF (para dibujar bloques en modo texto).
   119                                  						; * Bit 1: Sin uso
   120                                  						; * Bit 0: Habilitación de gráficos.
   121 0000003B 00                      	db 		0x00  		; Color usado para el borde en algunos modos.
   122 0000003C 0F                      	db 		0x0F  		; Habilitación de planos de color.
   123 0000003D 08                      	db 		0x08  		; Desplazamiento de píxeles de video hacia la izquierda.
   124 0000003E 00                      	db 		0x00  		; Registro de selección de color.
   125                                  
   126                                  palette_data:
   127 0000003F 000000                  	db 		0x00, 0x00, 0x00    ;RGB of color #0
   128 00000042 00002A                  	db 		0x00, 0x00, 0x2a
   129 00000045 002A00                  	db 		0x00, 0x2a, 0x00
   130 00000048 002A2A                  	db 		0x00, 0x2a, 0x2a
   131 0000004B 2A0000                  	db 		0x2a, 0x00, 0x00    ;RGB of color #4
   132 0000004E 2A002A                  	db 		0x2a, 0x00, 0x2a
   133 00000051 2A2A00                  	db 		0x2a, 0x2a, 0x00
   134 00000054 2A2A2A                  	db 		0x2a, 0x2a, 0x2a
   135 00000057 000015                  	db 		0x00, 0x00, 0x15    ;RGB of color #8
   136 0000005A 00003F                  	db 		0x00, 0x00, 0x3f
   137 0000005D 002A15                  	db 		0x00, 0x2a, 0x15
   138 00000060 002A3F                  	db 		0x00, 0x2a, 0x3f
   139 00000063 2A0015                  	db 		0x2a, 0x00, 0x15    ;RGB of color #12
   140 00000066 2A003F                  	db 		0x2a, 0x00, 0x3f
   141 00000069 2A2A15                  	db 		0x2a, 0x2a, 0x15
   142 0000006C 2A2A3F                  	db 		0x2a, 0x2a, 0x3f
   143 0000006F 001500                  	db 		0x00, 0x15, 0x00    ;RGB of color #16
   144 00000072 00152A                  	db 		0x00, 0x15, 0x2a
   145 00000075 003F00                  	db		0x00, 0x3f, 0x00
   146 00000078 003F2A                  	db 		0x00, 0x3f, 0x2a
   147 0000007B 2A1500                  	db 		0x2a, 0x15, 0x00    ;RGB of color #20
   148 0000007E 2A152A                  	db 		0x2a, 0x15, 0x2a
   149 00000081 2A3F00                  	db 		0x2a, 0x3f, 0x00
   150 00000084 2A3F2A                  	db 		0x2a, 0x3f, 0x2a
   151 00000087 001515                  	db 		0x00, 0x15, 0x15    ;RGB of color #24
   152 0000008A 00153F                  	db 		0x00, 0x15, 0x3f
   153 0000008D 003F15                  	db 		0x00, 0x3f, 0x15
   154 00000090 003F3F                  	db 		0x00, 0x3f, 0x3f
   155 00000093 2A1515                  	db 		0x2a, 0x15, 0x15    ;RGB of color #28
   156 00000096 2A153F                  	db 		0x2a, 0x15, 0x3f
   157 00000099 2A3F15                  	db 		0x2a, 0x3f, 0x15
   158 0000009C 2A3F3F                  	db 		0x2a, 0x3f, 0x3f
   159 0000009F 150000                  	db 		0x15, 0x00, 0x00    ;RGB of color #32
   160 000000A2 15002A                  	db 		0x15, 0x00, 0x2a
   161 000000A5 152A00                  	db 		0x15, 0x2a, 0x00
   162 000000A8 152A2A                  	db 		0x15, 0x2a, 0x2a
   163 000000AB 3F0000                  	db 		0x3f, 0x00, 0x00    ;RGB of color #36
   164 000000AE 3F002A                  	db 		0x3f, 0x00, 0x2a
   165 000000B1 3F2A00                  	db 		0x3f, 0x2a, 0x00
   166 000000B4 3F2A2A                  	db 		0x3f, 0x2a, 0x2a
   167 000000B7 150015                  	db 		0x15, 0x00, 0x15    ;RGB of color #40
   168 000000BA 15003F                  	db 		0x15, 0x00, 0x3f
   169 000000BD 152A15                  	db 		0x15, 0x2a, 0x15
   170 000000C0 152A3F                  	db 		0x15, 0x2a, 0x3f
   171 000000C3 3F0015                  	db 		0x3f, 0x00, 0x15    ;RGB of color #44
   172 000000C6 3F003F                  	db 		0x3f, 0x00, 0x3f
   173 000000C9 3F2A15                  	db 		0x3f, 0x2a, 0x15
   174 000000CC 3F2A3F                  	db 		0x3f, 0x2a, 0x3f
   175 000000CF 151500                  	db 		0x15, 0x15, 0x00    ;RGB of color #48
   176 000000D2 15152A                  	db 		0x15, 0x15, 0x2a
   177 000000D5 153F00                  	db 		0x15, 0x3f, 0x00
   178 000000D8 153F2A                  	db 		0x15, 0x3f, 0x2a
   179 000000DB 3F1500                  	db 		0x3f, 0x15, 0x00    ;RGB of color #52
   180 000000DE 3F152A                  	db 		0x3f, 0x15, 0x2a
   181 000000E1 3F3F00                  	db 		0x3f, 0x3f, 0x00
   182 000000E4 3F3F2A                  	db 		0x3f, 0x3f, 0x2a
   183 000000E7 151515                  	db 		0x15, 0x15, 0x15    ;RGB of color #56
   184 000000EA 15153F                  	db 		0x15, 0x15, 0x3f
   185 000000ED 153F15                  	db 		0x15, 0x3f, 0x15
   186 000000F0 153F3F                  	db 		0x15, 0x3f, 0x3f
   187 000000F3 3F1515                  	db 		0x3f, 0x15, 0x15    ;RGB of color #60
   188 000000F6 3F153F                  	db 		0x3f, 0x15, 0x3f
   189 000000F9 3F3F15                  	db 		0x3f, 0x3f, 0x15
   190 000000FC 3F3F3F                  	db 		0x3f, 0x3f, 0x3f
   191                                  
   192                                  ;--------------------------------------------------------------------------------
   193                                  ; Fonts de dominio público de Joseph Gil
   194                                  ;--------------------------------------------------------------------------------
   195                                  font16x8:
   196 000000FF 000000000000000000-     	db 0x00, 0x00, 0x00, 0x00, 0x00, 0x00, 0x00, 0x00, 0x00, 0x00, 0x00, 0x00, 0x00, 0x00, 0x00, 0x00
   197 00000108 00000000000000     
   198 0000010F 00007E81A58181BD99-     	db 0x00, 0x00, 0x7e, 0x81, 0xa5, 0x81, 0x81, 0xbd, 0x99, 0x81, 0x81, 0x7e, 0x00, 0x00, 0x00, 0x00
   199 00000118 81817E00000000     
   200 0000011F 00007EFFDBFFFFC3E7-     	db 0x00, 0x00, 0x7e, 0xff, 0xdb, 0xff, 0xff, 0xc3, 0xe7, 0xff, 0xff, 0x7e, 0x00, 0x00, 0x00, 0x00
   201 00000128 FFFF7E00000000     
   202 0000012F 000000006CFEFEFEFE-     	db 0x00, 0x00, 0x00, 0x00, 0x6c, 0xfe, 0xfe, 0xfe, 0xfe, 0x7c, 0x38, 0x10, 0x00, 0x00, 0x00, 0x00
   203 00000138 7C381000000000     
   204 0000013F 0000000010387CFE7C-     	db 0x00, 0x00, 0x00, 0x00, 0x10, 0x38, 0x7c, 0xfe, 0x7c, 0x38, 0x10, 0x00, 0x00, 0x00, 0x00, 0x00
   205 00000148 38100000000000     
   206 0000014F 000000183C3CE7E7E7-     	db 0x00, 0x00, 0x00, 0x18, 0x3c, 0x3c, 0xe7, 0xe7, 0xe7, 0x18, 0x18, 0x3c, 0x00, 0x00, 0x00, 0x00
   207 00000158 18183C00000000     
   208 0000015F 000000183C7EFFFF7E-     	db 0x00, 0x00, 0x00, 0x18, 0x3c, 0x7e, 0xff, 0xff, 0x7e, 0x18, 0x18, 0x3c, 0x00, 0x00, 0x00, 0x00
   209 00000168 18183C00000000     
   210 0000016F 000000000000183C3C-     	db 0x00, 0x00, 0x00, 0x00, 0x00, 0x00, 0x18, 0x3c, 0x3c, 0x18, 0x00, 0x00, 0x00, 0x00, 0x00, 0x00
   211 00000178 18000000000000     
   212 0000017F FFFFFFFFFFFFE7C3C3-     	db 0xff, 0xff, 0xff, 0xff, 0xff, 0xff, 0xe7, 0xc3, 0xc3, 0xe7, 0xff, 0xff, 0xff, 0xff, 0xff, 0xff
   213 00000188 E7FFFFFFFFFFFF     
   214 0000018F 00000000003C664242-     	db 0x00, 0x00, 0x00, 0x00, 0x00, 0x3c, 0x66, 0x42, 0x42, 0x66, 0x3c, 0x00, 0x00, 0x00, 0x00, 0x00
   215 00000198 663C0000000000     
   216 0000019F FFFFFFFFFFC399BDBD-     	db 0xff, 0xff, 0xff, 0xff, 0xff, 0xc3, 0x99, 0xbd, 0xbd, 0x99, 0xc3, 0xff, 0xff, 0xff, 0xff, 0xff
   217 000001A8 99C3FFFFFFFFFF     
   218 000001AF 00001E0E1A3278CCCC-     	db 0x00, 0x00, 0x1e, 0x0e, 0x1a, 0x32, 0x78, 0xcc, 0xcc, 0xcc, 0xcc, 0x78, 0x00, 0x00, 0x00, 0x00
   219 000001B8 CCCC7800000000     
   220 000001BF 00003C666666663C18-     	db 0x00, 0x00, 0x3c, 0x66, 0x66, 0x66, 0x66, 0x3c, 0x18, 0x7e, 0x18, 0x18, 0x00, 0x00, 0x00, 0x00
   221 000001C8 7E181800000000     
   222 000001CF 00003F333F30303030-     	db 0x00, 0x00, 0x3f, 0x33, 0x3f, 0x30, 0x30, 0x30, 0x30, 0x70, 0xf0, 0xe0, 0x00, 0x00, 0x00, 0x00
   223 000001D8 70F0E000000000     
   224 000001DF 00007F637F63636363-     	db 0x00, 0x00, 0x7f, 0x63, 0x7f, 0x63, 0x63, 0x63, 0x63, 0x67, 0xe7, 0xe6, 0xc0, 0x00, 0x00, 0x00
   225 000001E8 67E7E6C0000000     
   226 000001EF 0000001818DB3CE73C-     	db 0x00, 0x00, 0x00, 0x18, 0x18, 0xdb, 0x3c, 0xe7, 0x3c, 0xdb, 0x18, 0x18, 0x00, 0x00, 0x00, 0x00
   227 000001F8 DB181800000000     
   228 000001FF 0080C0E0F0F8FEF8F0-     	db 0x00, 0x80, 0xc0, 0xe0, 0xf0, 0xf8, 0xfe, 0xf8, 0xf0, 0xe0, 0xc0, 0x80, 0x00, 0x00, 0x00, 0x00
   229 00000208 E0C08000000000     
   230 0000020F 0002060E1E3EFE3E1E-     	db 0x00, 0x02, 0x06, 0x0e, 0x1e, 0x3e, 0xfe, 0x3e, 0x1e, 0x0e, 0x06, 0x02, 0x00, 0x00, 0x00, 0x00
   231 00000218 0E060200000000     
   232 0000021F 0000183C7E1818187E-     	db 0x00, 0x00, 0x18, 0x3c, 0x7e, 0x18, 0x18, 0x18, 0x7e, 0x3c, 0x18, 0x00, 0x00, 0x00, 0x00, 0x00
   233 00000228 3C180000000000     
   234 0000022F 000066666666666666-     	db 0x00, 0x00, 0x66, 0x66, 0x66, 0x66, 0x66, 0x66, 0x66, 0x00, 0x66, 0x66, 0x00, 0x00, 0x00, 0x00
   235 00000238 00666600000000     
   236 0000023F 00007FDBDBDB7B1B1B-     	db 0x00, 0x00, 0x7f, 0xdb, 0xdb, 0xdb, 0x7b, 0x1b, 0x1b, 0x1b, 0x1b, 0x1b, 0x00, 0x00, 0x00, 0x00
   237 00000248 1B1B1B00000000     
   238 0000024F 007CC660386CC6C66C-     	db 0x00, 0x7c, 0xc6, 0x60, 0x38, 0x6c, 0xc6, 0xc6, 0x6c, 0x38, 0x0c, 0xc6, 0x7c, 0x00, 0x00, 0x00
   239 00000258 380CC67C000000     
   240 0000025F 0000000000000000FE-     	db 0x00, 0x00, 0x00, 0x00, 0x00, 0x00, 0x00, 0x00, 0xfe, 0xfe, 0xfe, 0xfe, 0x00, 0x00, 0x00, 0x00
   241 00000268 FEFEFE00000000     
   242 0000026F 0000183C7E1818187E-     	db 0x00, 0x00, 0x18, 0x3c, 0x7e, 0x18, 0x18, 0x18, 0x7e, 0x3c, 0x18, 0x7e, 0x00, 0x00, 0x00, 0x00
   243 00000278 3C187E00000000     
   244 0000027F 0000183C7E18181818-     	db 0x00, 0x00, 0x18, 0x3c, 0x7e, 0x18, 0x18, 0x18, 0x18, 0x18, 0x18, 0x18, 0x00, 0x00, 0x00, 0x00
   245 00000288 18181800000000     
   246 0000028F 000018181818181818-     	db 0x00, 0x00, 0x18, 0x18, 0x18, 0x18, 0x18, 0x18, 0x18, 0x7e, 0x3c, 0x18, 0x00, 0x00, 0x00, 0x00
   247 00000298 7E3C1800000000     
   248 0000029F 0000000000180CFE0C-     	db 0x00, 0x00, 0x00, 0x00, 0x00, 0x18, 0x0c, 0xfe, 0x0c, 0x18, 0x00, 0x00, 0x00, 0x00, 0x00, 0x00
   249 000002A8 18000000000000     
   250 000002AF 00000000003060FE60-     	db 0x00, 0x00, 0x00, 0x00, 0x00, 0x30, 0x60, 0xfe, 0x60, 0x30, 0x00, 0x00, 0x00, 0x00, 0x00, 0x00
   251 000002B8 30000000000000     
   252 000002BF 000000000000C0C0C0-     	db 0x00, 0x00, 0x00, 0x00, 0x00, 0x00, 0xc0, 0xc0, 0xc0, 0xfe, 0x00, 0x00, 0x00, 0x00, 0x00, 0x00
   253 000002C8 FE000000000000     
   254 000002CF 00000000002466FF66-     	db 0x00, 0x00, 0x00, 0x00, 0x00, 0x24, 0x66, 0xff, 0x66, 0x24, 0x00, 0x00, 0x00, 0x00, 0x00, 0x00
   255 000002D8 24000000000000     
   256 000002DF 000000001038387C7C-     	db 0x00, 0x00, 0x00, 0x00, 0x10, 0x38, 0x38, 0x7c, 0x7c, 0xfe, 0xfe, 0x00, 0x00, 0x00, 0x00, 0x00
   257 000002E8 FEFE0000000000     
   258 000002EF 00000000FEFE7C7C38-     	db 0x00, 0x00, 0x00, 0x00, 0xfe, 0xfe, 0x7c, 0x7c, 0x38, 0x38, 0x10, 0x00, 0x00, 0x00, 0x00, 0x00
   259 000002F8 38100000000000     
   260 000002FF 000000000000000000-     	db 0x00, 0x00, 0x00, 0x00, 0x00, 0x00, 0x00, 0x00, 0x00, 0x00, 0x00, 0x00, 0x00, 0x00, 0x00, 0x00
   261 00000308 00000000000000     
   262 0000030F 0000183C3C3C181818-     	db 0x00, 0x00, 0x18, 0x3c, 0x3c, 0x3c, 0x18, 0x18, 0x18, 0x00, 0x18, 0x18, 0x00, 0x00, 0x00, 0x00
   263 00000318 00181800000000     
   264 0000031F 006666662400000000-     	db 0x00, 0x66, 0x66, 0x66, 0x24, 0x00, 0x00, 0x00, 0x00, 0x00, 0x00, 0x00, 0x00, 0x00, 0x00, 0x00
   265 00000328 00000000000000     
   266 0000032F 0000006C6CFE6C6C6C-     	db 0x00, 0x00, 0x00, 0x6c, 0x6c, 0xfe, 0x6c, 0x6c, 0x6c, 0xfe, 0x6c, 0x6c, 0x00, 0x00, 0x00, 0x00
   267 00000338 FE6C6C00000000     
   268 0000033F 18187CC6C2C07C0606-     	db 0x18, 0x18, 0x7c, 0xc6, 0xc2, 0xc0, 0x7c, 0x06, 0x06, 0x86, 0xc6, 0x7c, 0x18, 0x18, 0x00, 0x00
   269 00000348 86C67C18180000     
   270 0000034F 00000000C2C60C1830-     	db 0x00, 0x00, 0x00, 0x00, 0xc2, 0xc6, 0x0c, 0x18, 0x30, 0x60, 0xc6, 0x86, 0x00, 0x00, 0x00, 0x00
   271 00000358 60C68600000000     
   272 0000035F 0000386C6C3876DCCC-     	db 0x00, 0x00, 0x38, 0x6c, 0x6c, 0x38, 0x76, 0xdc, 0xcc, 0xcc, 0xcc, 0x76, 0x00, 0x00, 0x00, 0x00
   273 00000368 CCCC7600000000     
   274 0000036F 003030306000000000-     	db 0x00, 0x30, 0x30, 0x30, 0x60, 0x00, 0x00, 0x00, 0x00, 0x00, 0x00, 0x00, 0x00, 0x00, 0x00, 0x00
   275 00000378 00000000000000     
   276 0000037F 00000C183030303030-     	db 0x00, 0x00, 0x0c, 0x18, 0x30, 0x30, 0x30, 0x30, 0x30, 0x30, 0x18, 0x0c, 0x00, 0x00, 0x00, 0x00
   277 00000388 30180C00000000     
   278 0000038F 000030180C0C0C0C0C-     	db 0x00, 0x00, 0x30, 0x18, 0x0c, 0x0c, 0x0c, 0x0c, 0x0c, 0x0c, 0x18, 0x30, 0x00, 0x00, 0x00, 0x00
   279 00000398 0C183000000000     
   280 0000039F 0000000000663CFF3C-     	db 0x00, 0x00, 0x00, 0x00, 0x00, 0x66, 0x3c, 0xff, 0x3c, 0x66, 0x00, 0x00, 0x00, 0x00, 0x00, 0x00
   281 000003A8 66000000000000     
   282 000003AF 000000000018187E18-     	db 0x00, 0x00, 0x00, 0x00, 0x00, 0x18, 0x18, 0x7e, 0x18, 0x18, 0x00, 0x00, 0x00, 0x00, 0x00, 0x00
   283 000003B8 18000000000000     
   284 000003BF 000000000000000000-     	db 0x00, 0x00, 0x00, 0x00, 0x00, 0x00, 0x00, 0x00, 0x00, 0x18, 0x18, 0x18, 0x30, 0x00, 0x00, 0x00
   285 000003C8 18181830000000     
   286 000003CF 00000000000000FE00-     	db 0x00, 0x00, 0x00, 0x00, 0x00, 0x00, 0x00, 0xfe, 0x00, 0x00, 0x00, 0x00, 0x00, 0x00, 0x00, 0x00
   287 000003D8 00000000000000     
   288 000003DF 000000000000000000-     	db 0x00, 0x00, 0x00, 0x00, 0x00, 0x00, 0x00, 0x00, 0x00, 0x00, 0x18, 0x18, 0x00, 0x00, 0x00, 0x00
   289 000003E8 00181800000000     
   290 000003EF 0000000002060C1830-     	db 0x00, 0x00, 0x00, 0x00, 0x02, 0x06, 0x0c, 0x18, 0x30, 0x60, 0xc0, 0x80, 0x00, 0x00, 0x00, 0x00
   291 000003F8 60C08000000000     
   292 000003FF 00003C66C3C3DBDBC3-     	db 0x00, 0x00, 0x3c, 0x66, 0xc3, 0xc3, 0xdb, 0xdb, 0xc3, 0xc3, 0x66, 0x3c, 0x00, 0x00, 0x00, 0x00
   293 00000408 C3663C00000000     
   294 0000040F 000018387818181818-     	db 0x00, 0x00, 0x18, 0x38, 0x78, 0x18, 0x18, 0x18, 0x18, 0x18, 0x18, 0x7e, 0x00, 0x00, 0x00, 0x00
   295 00000418 18187E00000000     
   296 0000041F 00007CC6060C183060-     	db 0x00, 0x00, 0x7c, 0xc6, 0x06, 0x0c, 0x18, 0x30, 0x60, 0xc0, 0xc6, 0xfe, 0x00, 0x00, 0x00, 0x00
   297 00000428 C0C6FE00000000     
   298 0000042F 00007CC606063C0606-     	db 0x00, 0x00, 0x7c, 0xc6, 0x06, 0x06, 0x3c, 0x06, 0x06, 0x06, 0xc6, 0x7c, 0x00, 0x00, 0x00, 0x00
   299 00000438 06C67C00000000     
   300 0000043F 00000C1C3C6CCCFE0C-     	db 0x00, 0x00, 0x0c, 0x1c, 0x3c, 0x6c, 0xcc, 0xfe, 0x0c, 0x0c, 0x0c, 0x1e, 0x00, 0x00, 0x00, 0x00
   301 00000448 0C0C1E00000000     
   302 0000044F 0000FEC0C0C0FC0606-     	db 0x00, 0x00, 0xfe, 0xc0, 0xc0, 0xc0, 0xfc, 0x06, 0x06, 0x06, 0xc6, 0x7c, 0x00, 0x00, 0x00, 0x00
   303 00000458 06C67C00000000     
   304 0000045F 00003860C0C0FCC6C6-     	db 0x00, 0x00, 0x38, 0x60, 0xc0, 0xc0, 0xfc, 0xc6, 0xc6, 0xc6, 0xc6, 0x7c, 0x00, 0x00, 0x00, 0x00
   305 00000468 C6C67C00000000     
   306 0000046F 0000FEC606060C1830-     	db 0x00, 0x00, 0xfe, 0xc6, 0x06, 0x06, 0x0c, 0x18, 0x30, 0x30, 0x30, 0x30, 0x00, 0x00, 0x00, 0x00
   307 00000478 30303000000000     
   308 0000047F 00007CC6C6C67CC6C6-     	db 0x00, 0x00, 0x7c, 0xc6, 0xc6, 0xc6, 0x7c, 0xc6, 0xc6, 0xc6, 0xc6, 0x7c, 0x00, 0x00, 0x00, 0x00
   309 00000488 C6C67C00000000     
   310 0000048F 00007CC6C6C67E0606-     	db 0x00, 0x00, 0x7c, 0xc6, 0xc6, 0xc6, 0x7e, 0x06, 0x06, 0x06, 0x0c, 0x78, 0x00, 0x00, 0x00, 0x00
   311 00000498 060C7800000000     
   312 0000049F 000000001818000000-     	db 0x00, 0x00, 0x00, 0x00, 0x18, 0x18, 0x00, 0x00, 0x00, 0x18, 0x18, 0x00, 0x00, 0x00, 0x00, 0x00
   313 000004A8 18180000000000     
   314 000004AF 000000001818000000-     	db 0x00, 0x00, 0x00, 0x00, 0x18, 0x18, 0x00, 0x00, 0x00, 0x18, 0x18, 0x30, 0x00, 0x00, 0x00, 0x00
   315 000004B8 18183000000000     
   316 000004BF 000000060C18306030-     	db 0x00, 0x00, 0x00, 0x06, 0x0c, 0x18, 0x30, 0x60, 0x30, 0x18, 0x0c, 0x06, 0x00, 0x00, 0x00, 0x00
   317 000004C8 180C0600000000     
   318 000004CF 00000000007E00007E-     	db 0x00, 0x00, 0x00, 0x00, 0x00, 0x7e, 0x00, 0x00, 0x7e, 0x00, 0x00, 0x00, 0x00, 0x00, 0x00, 0x00
   319 000004D8 00000000000000     
   320 000004DF 0000006030180C060C-     	db 0x00, 0x00, 0x00, 0x60, 0x30, 0x18, 0x0c, 0x06, 0x0c, 0x18, 0x30, 0x60, 0x00, 0x00, 0x00, 0x00
   321 000004E8 18306000000000     
   322 000004EF 00007CC6C60C181818-     	db 0x00, 0x00, 0x7c, 0xc6, 0xc6, 0x0c, 0x18, 0x18, 0x18, 0x00, 0x18, 0x18, 0x00, 0x00, 0x00, 0x00
   323 000004F8 00181800000000     
   324 000004FF 0000007CC6C6DEDEDE-     	db 0x00, 0x00, 0x00, 0x7c, 0xc6, 0xc6, 0xde, 0xde, 0xde, 0xdc, 0xc0, 0x7c, 0x00, 0x00, 0x00, 0x00
   325 00000508 DCC07C00000000     
   326 0000050F 000010386CC6C6FEC6-     	db 0x00, 0x00, 0x10, 0x38, 0x6c, 0xc6, 0xc6, 0xfe, 0xc6, 0xc6, 0xc6, 0xc6, 0x00, 0x00, 0x00, 0x00
   327 00000518 C6C6C600000000     
   328 0000051F 0000FC6666667C6666-     	db 0x00, 0x00, 0xfc, 0x66, 0x66, 0x66, 0x7c, 0x66, 0x66, 0x66, 0x66, 0xfc, 0x00, 0x00, 0x00, 0x00
   329 00000528 6666FC00000000     
   330 0000052F 00003C66C2C0C0C0C0-     	db 0x00, 0x00, 0x3c, 0x66, 0xc2, 0xc0, 0xc0, 0xc0, 0xc0, 0xc2, 0x66, 0x3c, 0x00, 0x00, 0x00, 0x00
   331 00000538 C2663C00000000     
   332 0000053F 0000F86C6666666666-     	db 0x00, 0x00, 0xf8, 0x6c, 0x66, 0x66, 0x66, 0x66, 0x66, 0x66, 0x6c, 0xf8, 0x00, 0x00, 0x00, 0x00
   333 00000548 666CF800000000     
   334 0000054F 0000FE666268786860-     	db 0x00, 0x00, 0xfe, 0x66, 0x62, 0x68, 0x78, 0x68, 0x60, 0x62, 0x66, 0xfe, 0x00, 0x00, 0x00, 0x00
   335 00000558 6266FE00000000     
   336 0000055F 0000FE666268786860-     	db 0x00, 0x00, 0xfe, 0x66, 0x62, 0x68, 0x78, 0x68, 0x60, 0x60, 0x60, 0xf0, 0x00, 0x00, 0x00, 0x00
   337 00000568 6060F000000000     
   338 0000056F 00003C66C2C0C0DEC6-     	db 0x00, 0x00, 0x3c, 0x66, 0xc2, 0xc0, 0xc0, 0xde, 0xc6, 0xc6, 0x66, 0x3a, 0x00, 0x00, 0x00, 0x00
   339 00000578 C6663A00000000     
   340 0000057F 0000C6C6C6C6FEC6C6-     	db 0x00, 0x00, 0xc6, 0xc6, 0xc6, 0xc6, 0xfe, 0xc6, 0xc6, 0xc6, 0xc6, 0xc6, 0x00, 0x00, 0x00, 0x00
   341 00000588 C6C6C600000000     
   342 0000058F 00003C181818181818-     	db 0x00, 0x00, 0x3c, 0x18, 0x18, 0x18, 0x18, 0x18, 0x18, 0x18, 0x18, 0x3c, 0x00, 0x00, 0x00, 0x00
   343 00000598 18183C00000000     
   344 0000059F 00001E0C0C0C0C0CCC-     	db 0x00, 0x00, 0x1e, 0x0c, 0x0c, 0x0c, 0x0c, 0x0c, 0xcc, 0xcc, 0xcc, 0x78, 0x00, 0x00, 0x00, 0x00
   345 000005A8 CCCC7800000000     
   346 000005AF 0000E666666C78786C-     	db 0x00, 0x00, 0xe6, 0x66, 0x66, 0x6c, 0x78, 0x78, 0x6c, 0x66, 0x66, 0xe6, 0x00, 0x00, 0x00, 0x00
   347 000005B8 6666E600000000     
   348 000005BF 0000F0606060606060-     	db 0x00, 0x00, 0xf0, 0x60, 0x60, 0x60, 0x60, 0x60, 0x60, 0x62, 0x66, 0xfe, 0x00, 0x00, 0x00, 0x00
   349 000005C8 6266FE00000000     
   350 000005CF 0000C3E7FFFFDBC3C3-     	db 0x00, 0x00, 0xc3, 0xe7, 0xff, 0xff, 0xdb, 0xc3, 0xc3, 0xc3, 0xc3, 0xc3, 0x00, 0x00, 0x00, 0x00
   351 000005D8 C3C3C300000000     
   352 000005DF 0000C6E6F6FEDECEC6-     	db 0x00, 0x00, 0xc6, 0xe6, 0xf6, 0xfe, 0xde, 0xce, 0xc6, 0xc6, 0xc6, 0xc6, 0x00, 0x00, 0x00, 0x00
   353 000005E8 C6C6C600000000     
   354 000005EF 00007CC6C6C6C6C6C6-     	db 0x00, 0x00, 0x7c, 0xc6, 0xc6, 0xc6, 0xc6, 0xc6, 0xc6, 0xc6, 0xc6, 0x7c, 0x00, 0x00, 0x00, 0x00
   355 000005F8 C6C67C00000000     
   356 000005FF 0000FC6666667C6060-     	db 0x00, 0x00, 0xfc, 0x66, 0x66, 0x66, 0x7c, 0x60, 0x60, 0x60, 0x60, 0xf0, 0x00, 0x00, 0x00, 0x00
   357 00000608 6060F000000000     
   358 0000060F 00007CC6C6C6C6C6C6-     	db 0x00, 0x00, 0x7c, 0xc6, 0xc6, 0xc6, 0xc6, 0xc6, 0xc6, 0xd6, 0xde, 0x7c, 0x0c, 0x0e, 0x00, 0x00
   359 00000618 D6DE7C0C0E0000     
   360 0000061F 0000FC6666667C6C66-     	db 0x00, 0x00, 0xfc, 0x66, 0x66, 0x66, 0x7c, 0x6c, 0x66, 0x66, 0x66, 0xe6, 0x00, 0x00, 0x00, 0x00
   361 00000628 6666E600000000     
   362 0000062F 00007CC6C660380C06-     	db 0x00, 0x00, 0x7c, 0xc6, 0xc6, 0x60, 0x38, 0x0c, 0x06, 0xc6, 0xc6, 0x7c, 0x00, 0x00, 0x00, 0x00
   363 00000638 C6C67C00000000     
   364 0000063F 0000FFDB9918181818-     	db 0x00, 0x00, 0xff, 0xdb, 0x99, 0x18, 0x18, 0x18, 0x18, 0x18, 0x18, 0x3c, 0x00, 0x00, 0x00, 0x00
   365 00000648 18183C00000000     
   366 0000064F 0000C6C6C6C6C6C6C6-     	db 0x00, 0x00, 0xc6, 0xc6, 0xc6, 0xc6, 0xc6, 0xc6, 0xc6, 0xc6, 0xc6, 0x7c, 0x00, 0x00, 0x00, 0x00
   367 00000658 C6C67C00000000     
   368 0000065F 0000C3C3C3C3C3C3C3-     	db 0x00, 0x00, 0xc3, 0xc3, 0xc3, 0xc3, 0xc3, 0xc3, 0xc3, 0x66, 0x3c, 0x18, 0x00, 0x00, 0x00, 0x00
   369 00000668 663C1800000000     
   370 0000066F 0000C3C3C3C3C3DBDB-     	db 0x00, 0x00, 0xc3, 0xc3, 0xc3, 0xc3, 0xc3, 0xdb, 0xdb, 0xff, 0x66, 0x66, 0x00, 0x00, 0x00, 0x00
   371 00000678 FF666600000000     
   372 0000067F 0000C3C3663C18183C-     	db 0x00, 0x00, 0xc3, 0xc3, 0x66, 0x3c, 0x18, 0x18, 0x3c, 0x66, 0xc3, 0xc3, 0x00, 0x00, 0x00, 0x00
   373 00000688 66C3C300000000     
   374 0000068F 0000C3C3C3663C1818-     	db 0x00, 0x00, 0xc3, 0xc3, 0xc3, 0x66, 0x3c, 0x18, 0x18, 0x18, 0x18, 0x3c, 0x00, 0x00, 0x00, 0x00
   375 00000698 18183C00000000     
   376 0000069F 0000FFC3860C183060-     	db 0x00, 0x00, 0xff, 0xc3, 0x86, 0x0c, 0x18, 0x30, 0x60, 0xc1, 0xc3, 0xff, 0x00, 0x00, 0x00, 0x00
   377 000006A8 C1C3FF00000000     
   378 000006AF 00003C303030303030-     	db 0x00, 0x00, 0x3c, 0x30, 0x30, 0x30, 0x30, 0x30, 0x30, 0x30, 0x30, 0x3c, 0x00, 0x00, 0x00, 0x00
   379 000006B8 30303C00000000     
   380 000006BF 00000080C0E070381C-     	db 0x00, 0x00, 0x00, 0x80, 0xc0, 0xe0, 0x70, 0x38, 0x1c, 0x0e, 0x06, 0x02, 0x00, 0x00, 0x00, 0x00
   381 000006C8 0E060200000000     
   382 000006CF 00003C0C0C0C0C0C0C-     	db 0x00, 0x00, 0x3c, 0x0c, 0x0c, 0x0c, 0x0c, 0x0c, 0x0c, 0x0c, 0x0c, 0x3c, 0x00, 0x00, 0x00, 0x00
   383 000006D8 0C0C3C00000000     
   384 000006DF 10386CC60000000000-     	db 0x10, 0x38, 0x6c, 0xc6, 0x00, 0x00, 0x00, 0x00, 0x00, 0x00, 0x00, 0x00, 0x00, 0x00, 0x00, 0x00
   385 000006E8 00000000000000     
   386 000006EF 000000000000000000-     	db 0x00, 0x00, 0x00, 0x00, 0x00, 0x00, 0x00, 0x00, 0x00, 0x00, 0x00, 0x00, 0x00, 0xff, 0x00, 0x00
   387 000006F8 00000000FF0000     
   388 000006FF 303018000000000000-     	db 0x30, 0x30, 0x18, 0x00, 0x00, 0x00, 0x00, 0x00, 0x00, 0x00, 0x00, 0x00, 0x00, 0x00, 0x00, 0x00
   389 00000708 00000000000000     
   390 0000070F 0000000000780C7CCC-     	db 0x00, 0x00, 0x00, 0x00, 0x00, 0x78, 0x0c, 0x7c, 0xcc, 0xcc, 0xcc, 0x76, 0x00, 0x00, 0x00, 0x00
   391 00000718 CCCC7600000000     
   392 0000071F 0000E06060786C6666-     	db 0x00, 0x00, 0xe0, 0x60, 0x60, 0x78, 0x6c, 0x66, 0x66, 0x66, 0x66, 0x7c, 0x00, 0x00, 0x00, 0x00
   393 00000728 66667C00000000     
   394 0000072F 00000000007CC6C0C0-     	db 0x00, 0x00, 0x00, 0x00, 0x00, 0x7c, 0xc6, 0xc0, 0xc0, 0xc0, 0xc6, 0x7c, 0x00, 0x00, 0x00, 0x00
   395 00000738 C0C67C00000000     
   396 0000073F 00001C0C0C3C6CCCCC-     	db 0x00, 0x00, 0x1c, 0x0c, 0x0c, 0x3c, 0x6c, 0xcc, 0xcc, 0xcc, 0xcc, 0x76, 0x00, 0x00, 0x00, 0x00
   397 00000748 CCCC7600000000     
   398 0000074F 00000000007CC6FEC0-     	db 0x00, 0x00, 0x00, 0x00, 0x00, 0x7c, 0xc6, 0xfe, 0xc0, 0xc0, 0xc6, 0x7c, 0x00, 0x00, 0x00, 0x00
   399 00000758 C0C67C00000000     
   400 0000075F 0000386C6460F06060-     	db 0x00, 0x00, 0x38, 0x6c, 0x64, 0x60, 0xf0, 0x60, 0x60, 0x60, 0x60, 0xf0, 0x00, 0x00, 0x00, 0x00
   401 00000768 6060F000000000     
   402 0000076F 000000000076CCCCCC-     	db 0x00, 0x00, 0x00, 0x00, 0x00, 0x76, 0xcc, 0xcc, 0xcc, 0xcc, 0xcc, 0x7c, 0x0c, 0xcc, 0x78, 0x00
   403 00000778 CCCC7C0CCC7800     
   404 0000077F 0000E060606C766666-     	db 0x00, 0x00, 0xe0, 0x60, 0x60, 0x6c, 0x76, 0x66, 0x66, 0x66, 0x66, 0xe6, 0x00, 0x00, 0x00, 0x00
   405 00000788 6666E600000000     
   406 0000078F 000018180038181818-     	db 0x00, 0x00, 0x18, 0x18, 0x00, 0x38, 0x18, 0x18, 0x18, 0x18, 0x18, 0x3c, 0x00, 0x00, 0x00, 0x00
   407 00000798 18183C00000000     
   408 0000079F 00000606000E060606-     	db 0x00, 0x00, 0x06, 0x06, 0x00, 0x0e, 0x06, 0x06, 0x06, 0x06, 0x06, 0x06, 0x66, 0x66, 0x3c, 0x00
   409 000007A8 06060666663C00     
   410 000007AF 0000E06060666C7878-     	db 0x00, 0x00, 0xe0, 0x60, 0x60, 0x66, 0x6c, 0x78, 0x78, 0x6c, 0x66, 0xe6, 0x00, 0x00, 0x00, 0x00
   411 000007B8 6C66E600000000     
   412 000007BF 000038181818181818-     	db 0x00, 0x00, 0x38, 0x18, 0x18, 0x18, 0x18, 0x18, 0x18, 0x18, 0x18, 0x3c, 0x00, 0x00, 0x00, 0x00
   413 000007C8 18183C00000000     
   414 000007CF 0000000000E6FFDBDB-     	db 0x00, 0x00, 0x00, 0x00, 0x00, 0xe6, 0xff, 0xdb, 0xdb, 0xdb, 0xdb, 0xdb, 0x00, 0x00, 0x00, 0x00
   415 000007D8 DBDBDB00000000     
   416 000007DF 0000000000DC666666-     	db 0x00, 0x00, 0x00, 0x00, 0x00, 0xdc, 0x66, 0x66, 0x66, 0x66, 0x66, 0x66, 0x00, 0x00, 0x00, 0x00
   417 000007E8 66666600000000     
   418 000007EF 00000000007CC6C6C6-     	db 0x00, 0x00, 0x00, 0x00, 0x00, 0x7c, 0xc6, 0xc6, 0xc6, 0xc6, 0xc6, 0x7c, 0x00, 0x00, 0x00, 0x00
   419 000007F8 C6C67C00000000     
   420 000007FF 0000000000DC666666-     	db 0x00, 0x00, 0x00, 0x00, 0x00, 0xdc, 0x66, 0x66, 0x66, 0x66, 0x66, 0x7c, 0x60, 0x60, 0xf0, 0x00
   421 00000808 66667C6060F000     
   422 0000080F 000000000076CCCCCC-     	db 0x00, 0x00, 0x00, 0x00, 0x00, 0x76, 0xcc, 0xcc, 0xcc, 0xcc, 0xcc, 0x7c, 0x0c, 0x0c, 0x1e, 0x00
   423 00000818 CCCC7C0C0C1E00     
   424 0000081F 0000000000DC766660-     	db 0x00, 0x00, 0x00, 0x00, 0x00, 0xdc, 0x76, 0x66, 0x60, 0x60, 0x60, 0xf0, 0x00, 0x00, 0x00, 0x00
   425 00000828 6060F000000000     
   426 0000082F 00000000007CC66038-     	db 0x00, 0x00, 0x00, 0x00, 0x00, 0x7c, 0xc6, 0x60, 0x38, 0x0c, 0xc6, 0x7c, 0x00, 0x00, 0x00, 0x00
   427 00000838 0CC67C00000000     
   428 0000083F 0000103030FC303030-     	db 0x00, 0x00, 0x10, 0x30, 0x30, 0xfc, 0x30, 0x30, 0x30, 0x30, 0x36, 0x1c, 0x00, 0x00, 0x00, 0x00
   429 00000848 30361C00000000     
   430 0000084F 0000000000CCCCCCCC-     	db 0x00, 0x00, 0x00, 0x00, 0x00, 0xcc, 0xcc, 0xcc, 0xcc, 0xcc, 0xcc, 0x76, 0x00, 0x00, 0x00, 0x00
   431 00000858 CCCC7600000000     
   432 0000085F 0000000000C3C3C3C3-     	db 0x00, 0x00, 0x00, 0x00, 0x00, 0xc3, 0xc3, 0xc3, 0xc3, 0x66, 0x3c, 0x18, 0x00, 0x00, 0x00, 0x00
   433 00000868 663C1800000000     
   434 0000086F 0000000000C3C3C3DB-     	db 0x00, 0x00, 0x00, 0x00, 0x00, 0xc3, 0xc3, 0xc3, 0xdb, 0xdb, 0xff, 0x66, 0x00, 0x00, 0x00, 0x00
   435 00000878 DBFF6600000000     
   436 0000087F 0000000000C3663C18-     	db 0x00, 0x00, 0x00, 0x00, 0x00, 0xc3, 0x66, 0x3c, 0x18, 0x3c, 0x66, 0xc3, 0x00, 0x00, 0x00, 0x00
   437 00000888 3C66C300000000     
   438 0000088F 0000000000C6C6C6C6-     	db 0x00, 0x00, 0x00, 0x00, 0x00, 0xc6, 0xc6, 0xc6, 0xc6, 0xc6, 0xc6, 0x7e, 0x06, 0x0c, 0xf8, 0x00
   439 00000898 C6C67E060CF800     
   440 0000089F 0000000000FECC1830-     	db 0x00, 0x00, 0x00, 0x00, 0x00, 0xfe, 0xcc, 0x18, 0x30, 0x60, 0xc6, 0xfe, 0x00, 0x00, 0x00, 0x00
   441 000008A8 60C6FE00000000     
   442 000008AF 00000E181818701818-     	db 0x00, 0x00, 0x0e, 0x18, 0x18, 0x18, 0x70, 0x18, 0x18, 0x18, 0x18, 0x0e, 0x00, 0x00, 0x00, 0x00
   443 000008B8 18180E00000000     
   444 000008BF 000018181818001818-     	db 0x00, 0x00, 0x18, 0x18, 0x18, 0x18, 0x00, 0x18, 0x18, 0x18, 0x18, 0x18, 0x00, 0x00, 0x00, 0x00
   445 000008C8 18181800000000     
   446 000008CF 0000701818180E1818-     	db 0x00, 0x00, 0x70, 0x18, 0x18, 0x18, 0x0e, 0x18, 0x18, 0x18, 0x18, 0x70, 0x00, 0x00, 0x00, 0x00
   447 000008D8 18187000000000     
   448 000008DF 000076DC0000000000-     	db 0x00, 0x00, 0x76, 0xdc, 0x00, 0x00, 0x00, 0x00, 0x00, 0x00, 0x00, 0x00, 0x00, 0x00, 0x00, 0x00
   449 000008E8 00000000000000     
   450 000008EF 0000000010386CC6C6-     	db 0x00, 0x00, 0x00, 0x00, 0x10, 0x38, 0x6c, 0xc6, 0xc6, 0xc6, 0xfe, 0x00, 0x00, 0x00, 0x00, 0x00
   451 000008F8 C6FE0000000000     
   452 000008FF 00003C66C2C0C0C0C2-     	db 0x00, 0x00, 0x3c, 0x66, 0xc2, 0xc0, 0xc0, 0xc0, 0xc2, 0x66, 0x3c, 0x0c, 0x06, 0x7c, 0x00, 0x00
   453 00000908 663C0C067C0000     
   454 0000090F 0000CC0000CCCCCCCC-     	db 0x00, 0x00, 0xcc, 0x00, 0x00, 0xcc, 0xcc, 0xcc, 0xcc, 0xcc, 0xcc, 0x76, 0x00, 0x00, 0x00, 0x00
   455 00000918 CCCC7600000000     
   456 0000091F 000C1830007CC6FEC0-     	db 0x00, 0x0c, 0x18, 0x30, 0x00, 0x7c, 0xc6, 0xfe, 0xc0, 0xc0, 0xc6, 0x7c, 0x00, 0x00, 0x00, 0x00
   457 00000928 C0C67C00000000     
   458 0000092F 0010386C00780C7CCC-     	db 0x00, 0x10, 0x38, 0x6c, 0x00, 0x78, 0x0c, 0x7c, 0xcc, 0xcc, 0xcc, 0x76, 0x00, 0x00, 0x00, 0x00
   459 00000938 CCCC7600000000     
   460 0000093F 0000CC0000780C7CCC-     	db 0x00, 0x00, 0xcc, 0x00, 0x00, 0x78, 0x0c, 0x7c, 0xcc, 0xcc, 0xcc, 0x76, 0x00, 0x00, 0x00, 0x00
   461 00000948 CCCC7600000000     
   462 0000094F 0060301800780C7CCC-     	db 0x00, 0x60, 0x30, 0x18, 0x00, 0x78, 0x0c, 0x7c, 0xcc, 0xcc, 0xcc, 0x76, 0x00, 0x00, 0x00, 0x00
   463 00000958 CCCC7600000000     
   464 0000095F 00386C3800780C7CCC-     	db 0x00, 0x38, 0x6c, 0x38, 0x00, 0x78, 0x0c, 0x7c, 0xcc, 0xcc, 0xcc, 0x76, 0x00, 0x00, 0x00, 0x00
   465 00000968 CCCC7600000000     
   466 0000096F 000000003C66606066-     	db 0x00, 0x00, 0x00, 0x00, 0x3c, 0x66, 0x60, 0x60, 0x66, 0x3c, 0x0c, 0x06, 0x3c, 0x00, 0x00, 0x00
   467 00000978 3C0C063C000000     
   468 0000097F 0010386C007CC6FEC0-     	db 0x00, 0x10, 0x38, 0x6c, 0x00, 0x7c, 0xc6, 0xfe, 0xc0, 0xc0, 0xc6, 0x7c, 0x00, 0x00, 0x00, 0x00
   469 00000988 C0C67C00000000     
   470 0000098F 0000C600007CC6FEC0-     	db 0x00, 0x00, 0xc6, 0x00, 0x00, 0x7c, 0xc6, 0xfe, 0xc0, 0xc0, 0xc6, 0x7c, 0x00, 0x00, 0x00, 0x00
   471 00000998 C0C67C00000000     
   472 0000099F 00603018007CC6FEC0-     	db 0x00, 0x60, 0x30, 0x18, 0x00, 0x7c, 0xc6, 0xfe, 0xc0, 0xc0, 0xc6, 0x7c, 0x00, 0x00, 0x00, 0x00
   473 000009A8 C0C67C00000000     
   474 000009AF 000066000038181818-     	db 0x00, 0x00, 0x66, 0x00, 0x00, 0x38, 0x18, 0x18, 0x18, 0x18, 0x18, 0x3c, 0x00, 0x00, 0x00, 0x00
   475 000009B8 18183C00000000     
   476 000009BF 00183C660038181818-     	db 0x00, 0x18, 0x3c, 0x66, 0x00, 0x38, 0x18, 0x18, 0x18, 0x18, 0x18, 0x3c, 0x00, 0x00, 0x00, 0x00
   477 000009C8 18183C00000000     
   478 000009CF 006030180038181818-     	db 0x00, 0x60, 0x30, 0x18, 0x00, 0x38, 0x18, 0x18, 0x18, 0x18, 0x18, 0x3c, 0x00, 0x00, 0x00, 0x00
   479 000009D8 18183C00000000     
   480 000009DF 00C60010386CC6C6FE-     	db 0x00, 0xc6, 0x00, 0x10, 0x38, 0x6c, 0xc6, 0xc6, 0xfe, 0xc6, 0xc6, 0xc6, 0x00, 0x00, 0x00, 0x00
   481 000009E8 C6C6C600000000     
   482 000009EF 386C3800386CC6C6FE-     	db 0x38, 0x6c, 0x38, 0x00, 0x38, 0x6c, 0xc6, 0xc6, 0xfe, 0xc6, 0xc6, 0xc6, 0x00, 0x00, 0x00, 0x00
   483 000009F8 C6C6C600000000     
   484 000009FF 18306000FE66607C60-     	db 0x18, 0x30, 0x60, 0x00, 0xfe, 0x66, 0x60, 0x7c, 0x60, 0x60, 0x66, 0xfe, 0x00, 0x00, 0x00, 0x00
   485 00000A08 6066FE00000000     
   486 00000A0F 00000000006E3B1B7E-     	db 0x00, 0x00, 0x00, 0x00, 0x00, 0x6e, 0x3b, 0x1b, 0x7e, 0xd8, 0xdc, 0x77, 0x00, 0x00, 0x00, 0x00
   487 00000A18 D8DC7700000000     
   488 00000A1F 00003E6CCCCCFECCCC-     	db 0x00, 0x00, 0x3e, 0x6c, 0xcc, 0xcc, 0xfe, 0xcc, 0xcc, 0xcc, 0xcc, 0xce, 0x00, 0x00, 0x00, 0x00
   489 00000A28 CCCCCE00000000     
   490 00000A2F 0010386C007CC6C6C6-     	db 0x00, 0x10, 0x38, 0x6c, 0x00, 0x7c, 0xc6, 0xc6, 0xc6, 0xc6, 0xc6, 0x7c, 0x00, 0x00, 0x00, 0x00
   491 00000A38 C6C67C00000000     
   492 00000A3F 0000C600007CC6C6C6-     	db 0x00, 0x00, 0xc6, 0x00, 0x00, 0x7c, 0xc6, 0xc6, 0xc6, 0xc6, 0xc6, 0x7c, 0x00, 0x00, 0x00, 0x00
   493 00000A48 C6C67C00000000     
   494 00000A4F 00603018007CC6C6C6-     	db 0x00, 0x60, 0x30, 0x18, 0x00, 0x7c, 0xc6, 0xc6, 0xc6, 0xc6, 0xc6, 0x7c, 0x00, 0x00, 0x00, 0x00
   495 00000A58 C6C67C00000000     
   496 00000A5F 003078CC00CCCCCCCC-     	db 0x00, 0x30, 0x78, 0xcc, 0x00, 0xcc, 0xcc, 0xcc, 0xcc, 0xcc, 0xcc, 0x76, 0x00, 0x00, 0x00, 0x00
   497 00000A68 CCCC7600000000     
   498 00000A6F 0060301800CCCCCCCC-     	db 0x00, 0x60, 0x30, 0x18, 0x00, 0xcc, 0xcc, 0xcc, 0xcc, 0xcc, 0xcc, 0x76, 0x00, 0x00, 0x00, 0x00
   499 00000A78 CCCC7600000000     
   500 00000A7F 0000C60000C6C6C6C6-     	db 0x00, 0x00, 0xc6, 0x00, 0x00, 0xc6, 0xc6, 0xc6, 0xc6, 0xc6, 0xc6, 0x7e, 0x06, 0x0c, 0x78, 0x00
   501 00000A88 C6C67E060C7800     
   502 00000A8F 00C6007CC6C6C6C6C6-     	db 0x00, 0xc6, 0x00, 0x7c, 0xc6, 0xc6, 0xc6, 0xc6, 0xc6, 0xc6, 0xc6, 0x7c, 0x00, 0x00, 0x00, 0x00
   503 00000A98 C6C67C00000000     
   504 00000A9F 00C600C6C6C6C6C6C6-     	db 0x00, 0xc6, 0x00, 0xc6, 0xc6, 0xc6, 0xc6, 0xc6, 0xc6, 0xc6, 0xc6, 0x7c, 0x00, 0x00, 0x00, 0x00
   505 00000AA8 C6C67C00000000     
   506 00000AAF 0018187EC3C0C0C0C3-     	db 0x00, 0x18, 0x18, 0x7e, 0xc3, 0xc0, 0xc0, 0xc0, 0xc3, 0x7e, 0x18, 0x18, 0x00, 0x00, 0x00, 0x00
   507 00000AB8 7E181800000000     
   508 00000ABF 00386C6460F0606060-     	db 0x00, 0x38, 0x6c, 0x64, 0x60, 0xf0, 0x60, 0x60, 0x60, 0x60, 0xe6, 0xfc, 0x00, 0x00, 0x00, 0x00
   509 00000AC8 60E6FC00000000     
   510 00000ACF 0000C3663C18FF18FF-     	db 0x00, 0x00, 0xc3, 0x66, 0x3c, 0x18, 0xff, 0x18, 0xff, 0x18, 0x18, 0x18, 0x00, 0x00, 0x00, 0x00
   511 00000AD8 18181800000000     
   512 00000ADF 00FC66667C62666F66-     	db 0x00, 0xfc, 0x66, 0x66, 0x7c, 0x62, 0x66, 0x6f, 0x66, 0x66, 0x66, 0xf3, 0x00, 0x00, 0x00, 0x00
   513 00000AE8 6666F300000000     
   514 00000AEF 000E1B1818187E1818-     	db 0x00, 0x0e, 0x1b, 0x18, 0x18, 0x18, 0x7e, 0x18, 0x18, 0x18, 0x18, 0x18, 0xd8, 0x70, 0x00, 0x00
   515 00000AF8 181818D8700000     
   516 00000AFF 0018306000780C7CCC-     	db 0x00, 0x18, 0x30, 0x60, 0x00, 0x78, 0x0c, 0x7c, 0xcc, 0xcc, 0xcc, 0x76, 0x00, 0x00, 0x00, 0x00
   517 00000B08 CCCC7600000000     
   518 00000B0F 000C18300038181818-     	db 0x00, 0x0c, 0x18, 0x30, 0x00, 0x38, 0x18, 0x18, 0x18, 0x18, 0x18, 0x3c, 0x00, 0x00, 0x00, 0x00
   519 00000B18 18183C00000000     
   520 00000B1F 00183060007CC6C6C6-     	db 0x00, 0x18, 0x30, 0x60, 0x00, 0x7c, 0xc6, 0xc6, 0xc6, 0xc6, 0xc6, 0x7c, 0x00, 0x00, 0x00, 0x00
   521 00000B28 C6C67C00000000     
   522 00000B2F 0018306000CCCCCCCC-     	db 0x00, 0x18, 0x30, 0x60, 0x00, 0xcc, 0xcc, 0xcc, 0xcc, 0xcc, 0xcc, 0x76, 0x00, 0x00, 0x00, 0x00
   523 00000B38 CCCC7600000000     
   524 00000B3F 000076DC00DC666666-     	db 0x00, 0x00, 0x76, 0xdc, 0x00, 0xdc, 0x66, 0x66, 0x66, 0x66, 0x66, 0x66, 0x00, 0x00, 0x00, 0x00
   525 00000B48 66666600000000     
   526 00000B4F 76DC00C6E6F6FEDECE-     	db 0x76, 0xdc, 0x00, 0xc6, 0xe6, 0xf6, 0xfe, 0xde, 0xce, 0xc6, 0xc6, 0xc6, 0x00, 0x00, 0x00, 0x00
   527 00000B58 C6C6C600000000     
   528 00000B5F 003C6C6C3E007E0000-     	db 0x00, 0x3c, 0x6c, 0x6c, 0x3e, 0x00, 0x7e, 0x00, 0x00, 0x00, 0x00, 0x00, 0x00, 0x00, 0x00, 0x00
   529 00000B68 00000000000000     
   530 00000B6F 00386C6C38007C0000-     	db 0x00, 0x38, 0x6c, 0x6c, 0x38, 0x00, 0x7c, 0x00, 0x00, 0x00, 0x00, 0x00, 0x00, 0x00, 0x00, 0x00
   531 00000B78 00000000000000     
   532 00000B7F 0000303000303060C0-     	db 0x00, 0x00, 0x30, 0x30, 0x00, 0x30, 0x30, 0x60, 0xc0, 0xc6, 0xc6, 0x7c, 0x00, 0x00, 0x00, 0x00
   533 00000B88 C6C67C00000000     
   534 00000B8F 000000000000FEC0C0-     	db 0x00, 0x00, 0x00, 0x00, 0x00, 0x00, 0xfe, 0xc0, 0xc0, 0xc0, 0xc0, 0x00, 0x00, 0x00, 0x00, 0x00
   535 00000B98 C0C00000000000     
   536 00000B9F 000000000000FE0606-     	db 0x00, 0x00, 0x00, 0x00, 0x00, 0x00, 0xfe, 0x06, 0x06, 0x06, 0x06, 0x00, 0x00, 0x00, 0x00, 0x00
   537 00000BA8 06060000000000     
   538 00000BAF 00C0C0C2C6CC183060-     	db 0x00, 0xc0, 0xc0, 0xc2, 0xc6, 0xcc, 0x18, 0x30, 0x60, 0xce, 0x9b, 0x06, 0x0c, 0x1f, 0x00, 0x00
   539 00000BB8 CE9B060C1F0000     
   540 00000BBF 00C0C0C2C6CC183066-     	db 0x00, 0xc0, 0xc0, 0xc2, 0xc6, 0xcc, 0x18, 0x30, 0x66, 0xce, 0x96, 0x3e, 0x06, 0x06, 0x00, 0x00
   541 00000BC8 CE963E06060000     
   542 00000BCF 00001818001818183C-     	db 0x00, 0x00, 0x18, 0x18, 0x00, 0x18, 0x18, 0x18, 0x3c, 0x3c, 0x3c, 0x18, 0x00, 0x00, 0x00, 0x00
   543 00000BD8 3C3C1800000000     
   544 00000BDF 0000000000366CD86C-     	db 0x00, 0x00, 0x00, 0x00, 0x00, 0x36, 0x6c, 0xd8, 0x6c, 0x36, 0x00, 0x00, 0x00, 0x00, 0x00, 0x00
   545 00000BE8 36000000000000     
   546 00000BEF 0000000000D86C366C-     	db 0x00, 0x00, 0x00, 0x00, 0x00, 0xd8, 0x6c, 0x36, 0x6c, 0xd8, 0x00, 0x00, 0x00, 0x00, 0x00, 0x00
   547 00000BF8 D8000000000000     
   548 00000BFF 114411441144114411-     	db 0x11, 0x44, 0x11, 0x44, 0x11, 0x44, 0x11, 0x44, 0x11, 0x44, 0x11, 0x44, 0x11, 0x44, 0x11, 0x44
   549 00000C08 44114411441144     
   550 00000C0F 55AA55AA55AA55AA55-     	db 0x55, 0xaa, 0x55, 0xaa, 0x55, 0xaa, 0x55, 0xaa, 0x55, 0xaa, 0x55, 0xaa, 0x55, 0xaa, 0x55, 0xaa
   551 00000C18 AA55AA55AA55AA     
   552 00000C1F DD77DD77DD77DD77DD-     	db 0xdd, 0x77, 0xdd, 0x77, 0xdd, 0x77, 0xdd, 0x77, 0xdd, 0x77, 0xdd, 0x77, 0xdd, 0x77, 0xdd, 0x77
   553 00000C28 77DD77DD77DD77     
   554 00000C2F 181818181818181818-     	db 0x18, 0x18, 0x18, 0x18, 0x18, 0x18, 0x18, 0x18, 0x18, 0x18, 0x18, 0x18, 0x18, 0x18, 0x18, 0x18
   555 00000C38 18181818181818     
   556 00000C3F 18181818181818F818-     	db 0x18, 0x18, 0x18, 0x18, 0x18, 0x18, 0x18, 0xf8, 0x18, 0x18, 0x18, 0x18, 0x18, 0x18, 0x18, 0x18
   557 00000C48 18181818181818     
   558 00000C4F 1818181818F818F818-     	db 0x18, 0x18, 0x18, 0x18, 0x18, 0xf8, 0x18, 0xf8, 0x18, 0x18, 0x18, 0x18, 0x18, 0x18, 0x18, 0x18
   559 00000C58 18181818181818     
   560 00000C5F 36363636363636F636-     	db 0x36, 0x36, 0x36, 0x36, 0x36, 0x36, 0x36, 0xf6, 0x36, 0x36, 0x36, 0x36, 0x36, 0x36, 0x36, 0x36
   561 00000C68 36363636363636     
   562 00000C6F 00000000000000FE36-     	db 0x00, 0x00, 0x00, 0x00, 0x00, 0x00, 0x00, 0xfe, 0x36, 0x36, 0x36, 0x36, 0x36, 0x36, 0x36, 0x36
   563 00000C78 36363636363636     
   564 00000C7F 0000000000F818F818-     	db 0x00, 0x00, 0x00, 0x00, 0x00, 0xf8, 0x18, 0xf8, 0x18, 0x18, 0x18, 0x18, 0x18, 0x18, 0x18, 0x18
   565 00000C88 18181818181818     
   566 00000C8F 3636363636F606F636-     	db 0x36, 0x36, 0x36, 0x36, 0x36, 0xf6, 0x06, 0xf6, 0x36, 0x36, 0x36, 0x36, 0x36, 0x36, 0x36, 0x36
   567 00000C98 36363636363636     
   568 00000C9F 363636363636363636-     	db 0x36, 0x36, 0x36, 0x36, 0x36, 0x36, 0x36, 0x36, 0x36, 0x36, 0x36, 0x36, 0x36, 0x36, 0x36, 0x36
   569 00000CA8 36363636363636     
   570 00000CAF 0000000000FE06F636-     	db 0x00, 0x00, 0x00, 0x00, 0x00, 0xfe, 0x06, 0xf6, 0x36, 0x36, 0x36, 0x36, 0x36, 0x36, 0x36, 0x36
   571 00000CB8 36363636363636     
   572 00000CBF 3636363636F606FE00-     	db 0x36, 0x36, 0x36, 0x36, 0x36, 0xf6, 0x06, 0xfe, 0x00, 0x00, 0x00, 0x00, 0x00, 0x00, 0x00, 0x00
   573 00000CC8 00000000000000     
   574 00000CCF 36363636363636FE00-     	db 0x36, 0x36, 0x36, 0x36, 0x36, 0x36, 0x36, 0xfe, 0x00, 0x00, 0x00, 0x00, 0x00, 0x00, 0x00, 0x00
   575 00000CD8 00000000000000     
   576 00000CDF 1818181818F818F800-     	db 0x18, 0x18, 0x18, 0x18, 0x18, 0xf8, 0x18, 0xf8, 0x00, 0x00, 0x00, 0x00, 0x00, 0x00, 0x00, 0x00
   577 00000CE8 00000000000000     
   578 00000CEF 00000000000000F818-     	db 0x00, 0x00, 0x00, 0x00, 0x00, 0x00, 0x00, 0xf8, 0x18, 0x18, 0x18, 0x18, 0x18, 0x18, 0x18, 0x18
   579 00000CF8 18181818181818     
   580 00000CFF 181818181818181F00-     	db 0x18, 0x18, 0x18, 0x18, 0x18, 0x18, 0x18, 0x1f, 0x00, 0x00, 0x00, 0x00, 0x00, 0x00, 0x00, 0x00
   581 00000D08 00000000000000     
   582 00000D0F 18181818181818FF00-     	db 0x18, 0x18, 0x18, 0x18, 0x18, 0x18, 0x18, 0xff, 0x00, 0x00, 0x00, 0x00, 0x00, 0x00, 0x00, 0x00
   583 00000D18 00000000000000     
   584 00000D1F 00000000000000FF18-     	db 0x00, 0x00, 0x00, 0x00, 0x00, 0x00, 0x00, 0xff, 0x18, 0x18, 0x18, 0x18, 0x18, 0x18, 0x18, 0x18
   585 00000D28 18181818181818     
   586 00000D2F 181818181818181F18-     	db 0x18, 0x18, 0x18, 0x18, 0x18, 0x18, 0x18, 0x1f, 0x18, 0x18, 0x18, 0x18, 0x18, 0x18, 0x18, 0x18
   587 00000D38 18181818181818     
   588 00000D3F 00000000000000FF00-     	db 0x00, 0x00, 0x00, 0x00, 0x00, 0x00, 0x00, 0xff, 0x00, 0x00, 0x00, 0x00, 0x00, 0x00, 0x00, 0x00
   589 00000D48 00000000000000     
   590 00000D4F 18181818181818FF18-     	db 0x18, 0x18, 0x18, 0x18, 0x18, 0x18, 0x18, 0xff, 0x18, 0x18, 0x18, 0x18, 0x18, 0x18, 0x18, 0x18
   591 00000D58 18181818181818     
   592 00000D5F 18181818181F181F18-     	db 0x18, 0x18, 0x18, 0x18, 0x18, 0x1f, 0x18, 0x1f, 0x18, 0x18, 0x18, 0x18, 0x18, 0x18, 0x18, 0x18
   593 00000D68 18181818181818     
   594 00000D6F 363636363636363736-     	db 0x36, 0x36, 0x36, 0x36, 0x36, 0x36, 0x36, 0x37, 0x36, 0x36, 0x36, 0x36, 0x36, 0x36, 0x36, 0x36
   595 00000D78 36363636363636     
   596 00000D7F 363636363637303F00-     	db 0x36, 0x36, 0x36, 0x36, 0x36, 0x37, 0x30, 0x3f, 0x00, 0x00, 0x00, 0x00, 0x00, 0x00, 0x00, 0x00
   597 00000D88 00000000000000     
   598 00000D8F 00000000003F303736-     	db 0x00, 0x00, 0x00, 0x00, 0x00, 0x3f, 0x30, 0x37, 0x36, 0x36, 0x36, 0x36, 0x36, 0x36, 0x36, 0x36
   599 00000D98 36363636363636     
   600 00000D9F 3636363636F700FF00-     	db 0x36, 0x36, 0x36, 0x36, 0x36, 0xf7, 0x00, 0xff, 0x00, 0x00, 0x00, 0x00, 0x00, 0x00, 0x00, 0x00
   601 00000DA8 00000000000000     
   602 00000DAF 0000000000FF00F736-     	db 0x00, 0x00, 0x00, 0x00, 0x00, 0xff, 0x00, 0xf7, 0x36, 0x36, 0x36, 0x36, 0x36, 0x36, 0x36, 0x36
   603 00000DB8 36363636363636     
   604 00000DBF 363636363637303736-     	db 0x36, 0x36, 0x36, 0x36, 0x36, 0x37, 0x30, 0x37, 0x36, 0x36, 0x36, 0x36, 0x36, 0x36, 0x36, 0x36
   605 00000DC8 36363636363636     
   606 00000DCF 0000000000FF00FF00-     	db 0x00, 0x00, 0x00, 0x00, 0x00, 0xff, 0x00, 0xff, 0x00, 0x00, 0x00, 0x00, 0x00, 0x00, 0x00, 0x00
   607 00000DD8 00000000000000     
   608 00000DDF 3636363636F700F736-     	db 0x36, 0x36, 0x36, 0x36, 0x36, 0xf7, 0x00, 0xf7, 0x36, 0x36, 0x36, 0x36, 0x36, 0x36, 0x36, 0x36
   609 00000DE8 36363636363636     
   610 00000DEF 1818181818FF00FF00-     	db 0x18, 0x18, 0x18, 0x18, 0x18, 0xff, 0x00, 0xff, 0x00, 0x00, 0x00, 0x00, 0x00, 0x00, 0x00, 0x00
   611 00000DF8 00000000000000     
   612 00000DFF 36363636363636FF00-     	db 0x36, 0x36, 0x36, 0x36, 0x36, 0x36, 0x36, 0xff, 0x00, 0x00, 0x00, 0x00, 0x00, 0x00, 0x00, 0x00
   613 00000E08 00000000000000     
   614 00000E0F 0000000000FF00FF18-     	db 0x00, 0x00, 0x00, 0x00, 0x00, 0xff, 0x00, 0xff, 0x18, 0x18, 0x18, 0x18, 0x18, 0x18, 0x18, 0x18
   615 00000E18 18181818181818     
   616 00000E1F 00000000000000FF36-     	db 0x00, 0x00, 0x00, 0x00, 0x00, 0x00, 0x00, 0xff, 0x36, 0x36, 0x36, 0x36, 0x36, 0x36, 0x36, 0x36
   617 00000E28 36363636363636     
   618 00000E2F 363636363636363F00-     	db 0x36, 0x36, 0x36, 0x36, 0x36, 0x36, 0x36, 0x3f, 0x00, 0x00, 0x00, 0x00, 0x00, 0x00, 0x00, 0x00
   619 00000E38 00000000000000     
   620 00000E3F 18181818181F181F00-     	db 0x18, 0x18, 0x18, 0x18, 0x18, 0x1f, 0x18, 0x1f, 0x00, 0x00, 0x00, 0x00, 0x00, 0x00, 0x00, 0x00
   621 00000E48 00000000000000     
   622 00000E4F 00000000001F181F18-     	db 0x00, 0x00, 0x00, 0x00, 0x00, 0x1f, 0x18, 0x1f, 0x18, 0x18, 0x18, 0x18, 0x18, 0x18, 0x18, 0x18
   623 00000E58 18181818181818     
   624 00000E5F 000000000000003F36-     	db 0x00, 0x00, 0x00, 0x00, 0x00, 0x00, 0x00, 0x3f, 0x36, 0x36, 0x36, 0x36, 0x36, 0x36, 0x36, 0x36
   625 00000E68 36363636363636     
   626 00000E6F 36363636363636FF36-     	db 0x36, 0x36, 0x36, 0x36, 0x36, 0x36, 0x36, 0xff, 0x36, 0x36, 0x36, 0x36, 0x36, 0x36, 0x36, 0x36
   627 00000E78 36363636363636     
   628 00000E7F 1818181818FF18FF18-     	db 0x18, 0x18, 0x18, 0x18, 0x18, 0xff, 0x18, 0xff, 0x18, 0x18, 0x18, 0x18, 0x18, 0x18, 0x18, 0x18
   629 00000E88 18181818181818     
   630 00000E8F 18181818181818F800-     	db 0x18, 0x18, 0x18, 0x18, 0x18, 0x18, 0x18, 0xf8, 0x00, 0x00, 0x00, 0x00, 0x00, 0x00, 0x00, 0x00
   631 00000E98 00000000000000     
   632 00000E9F 000000000000001F18-     	db 0x00, 0x00, 0x00, 0x00, 0x00, 0x00, 0x00, 0x1f, 0x18, 0x18, 0x18, 0x18, 0x18, 0x18, 0x18, 0x18
   633 00000EA8 18181818181818     
   634 00000EAF FFFFFFFFFFFFFFFFFF-     	db 0xff, 0xff, 0xff, 0xff, 0xff, 0xff, 0xff, 0xff, 0xff, 0xff, 0xff, 0xff, 0xff, 0xff, 0xff, 0xff
   635 00000EB8 FFFFFFFFFFFFFF     
   636 00000EBF 00000000000000FFFF-     	db 0x00, 0x00, 0x00, 0x00, 0x00, 0x00, 0x00, 0xff, 0xff, 0xff, 0xff, 0xff, 0xff, 0xff, 0xff, 0xff
   637 00000EC8 FFFFFFFFFFFFFF     
   638 00000ECF F0F0F0F0F0F0F0F0F0-     	db 0xf0, 0xf0, 0xf0, 0xf0, 0xf0, 0xf0, 0xf0, 0xf0, 0xf0, 0xf0, 0xf0, 0xf0, 0xf0, 0xf0, 0xf0, 0xf0
   639 00000ED8 F0F0F0F0F0F0F0     
   640 00000EDF 0F0F0F0F0F0F0F0F0F-     	db 0x0f, 0x0f, 0x0f, 0x0f, 0x0f, 0x0f, 0x0f, 0x0f, 0x0f, 0x0f, 0x0f, 0x0f, 0x0f, 0x0f, 0x0f, 0x0f
   641 00000EE8 0F0F0F0F0F0F0F     
   642 00000EEF FFFFFFFFFFFFFF0000-     	db 0xff, 0xff, 0xff, 0xff, 0xff, 0xff, 0xff, 0x00, 0x00, 0x00, 0x00, 0x00, 0x00, 0x00, 0x00, 0x00
   643 00000EF8 00000000000000     
   644 00000EFF 000000000076DCD8D8-     	db 0x00, 0x00, 0x00, 0x00, 0x00, 0x76, 0xdc, 0xd8, 0xd8, 0xd8, 0xdc, 0x76, 0x00, 0x00, 0x00, 0x00
   645 00000F08 D8DC7600000000     
   646 00000F0F 000078CCCCCCD8CCC6-     	db 0x00, 0x00, 0x78, 0xcc, 0xcc, 0xcc, 0xd8, 0xcc, 0xc6, 0xc6, 0xc6, 0xcc, 0x00, 0x00, 0x00, 0x00
   647 00000F18 C6C6CC00000000     
   648 00000F1F 0000FEC6C6C0C0C0C0-     	db 0x00, 0x00, 0xfe, 0xc6, 0xc6, 0xc0, 0xc0, 0xc0, 0xc0, 0xc0, 0xc0, 0xc0, 0x00, 0x00, 0x00, 0x00
   649 00000F28 C0C0C000000000     
   650 00000F2F 00000000FE6C6C6C6C-     	db 0x00, 0x00, 0x00, 0x00, 0xfe, 0x6c, 0x6c, 0x6c, 0x6c, 0x6c, 0x6c, 0x6c, 0x00, 0x00, 0x00, 0x00
   651 00000F38 6C6C6C00000000     
   652 00000F3F 000000FEC660301830-     	db 0x00, 0x00, 0x00, 0xfe, 0xc6, 0x60, 0x30, 0x18, 0x30, 0x60, 0xc6, 0xfe, 0x00, 0x00, 0x00, 0x00
   653 00000F48 60C6FE00000000     
   654 00000F4F 00000000007ED8D8D8-     	db 0x00, 0x00, 0x00, 0x00, 0x00, 0x7e, 0xd8, 0xd8, 0xd8, 0xd8, 0xd8, 0x70, 0x00, 0x00, 0x00, 0x00
   655 00000F58 D8D87000000000     
   656 00000F5F 000000006666666666-     	db 0x00, 0x00, 0x00, 0x00, 0x66, 0x66, 0x66, 0x66, 0x66, 0x7c, 0x60, 0x60, 0xc0, 0x00, 0x00, 0x00
   657 00000F68 7C6060C0000000     
   658 00000F6F 0000000076DC181818-     	db 0x00, 0x00, 0x00, 0x00, 0x76, 0xdc, 0x18, 0x18, 0x18, 0x18, 0x18, 0x18, 0x00, 0x00, 0x00, 0x00
   659 00000F78 18181800000000     
   660 00000F7F 0000007E183C666666-     	db 0x00, 0x00, 0x00, 0x7e, 0x18, 0x3c, 0x66, 0x66, 0x66, 0x3c, 0x18, 0x7e, 0x00, 0x00, 0x00, 0x00
   661 00000F88 3C187E00000000     
   662 00000F8F 000000386CC6C6FEC6-     	db 0x00, 0x00, 0x00, 0x38, 0x6c, 0xc6, 0xc6, 0xfe, 0xc6, 0xc6, 0x6c, 0x38, 0x00, 0x00, 0x00, 0x00
   663 00000F98 C66C3800000000     
   664 00000F9F 0000386CC6C6C66C6C-     	db 0x00, 0x00, 0x38, 0x6c, 0xc6, 0xc6, 0xc6, 0x6c, 0x6c, 0x6c, 0x6c, 0xee, 0x00, 0x00, 0x00, 0x00
   665 00000FA8 6C6CEE00000000     
   666 00000FAF 00001E30180C3E6666-     	db 0x00, 0x00, 0x1e, 0x30, 0x18, 0x0c, 0x3e, 0x66, 0x66, 0x66, 0x66, 0x3c, 0x00, 0x00, 0x00, 0x00
   667 00000FB8 66663C00000000     
   668 00000FBF 00000000007EDBDBDB-     	db 0x00, 0x00, 0x00, 0x00, 0x00, 0x7e, 0xdb, 0xdb, 0xdb, 0x7e, 0x00, 0x00, 0x00, 0x00, 0x00, 0x00
   669 00000FC8 7E000000000000     
   670 00000FCF 00000003067EDBDBF3-     	db 0x00, 0x00, 0x00, 0x03, 0x06, 0x7e, 0xdb, 0xdb, 0xf3, 0x7e, 0x60, 0xc0, 0x00, 0x00, 0x00, 0x00
   671 00000FD8 7E60C000000000     
   672 00000FDF 00001C3060607C6060-     	db 0x00, 0x00, 0x1c, 0x30, 0x60, 0x60, 0x7c, 0x60, 0x60, 0x60, 0x30, 0x1c, 0x00, 0x00, 0x00, 0x00
   673 00000FE8 60301C00000000     
   674 00000FEF 0000007CC6C6C6C6C6-     	db 0x00, 0x00, 0x00, 0x7c, 0xc6, 0xc6, 0xc6, 0xc6, 0xc6, 0xc6, 0xc6, 0xc6, 0x00, 0x00, 0x00, 0x00
   675 00000FF8 C6C6C600000000     
   676 00000FFF 00000000FE0000FE00-     	db 0x00, 0x00, 0x00, 0x00, 0xfe, 0x00, 0x00, 0xfe, 0x00, 0x00, 0xfe, 0x00, 0x00, 0x00, 0x00, 0x00
   677 00001008 00FE0000000000     
   678 0000100F 0000000018187E1818-     	db 0x00, 0x00, 0x00, 0x00, 0x18, 0x18, 0x7e, 0x18, 0x18, 0x00, 0x00, 0xff, 0x00, 0x00, 0x00, 0x00
   679 00001018 0000FF00000000     
   680 0000101F 00000030180C060C18-     	db 0x00, 0x00, 0x00, 0x30, 0x18, 0x0c, 0x06, 0x0c, 0x18, 0x30, 0x00, 0x7e, 0x00, 0x00, 0x00, 0x00
   681 00001028 30007E00000000     
   682 0000102F 0000000C1830603018-     	db 0x00, 0x00, 0x00, 0x0c, 0x18, 0x30, 0x60, 0x30, 0x18, 0x0c, 0x00, 0x7e, 0x00, 0x00, 0x00, 0x00
   683 00001038 0C007E00000000     
   684 0000103F 00000E1B1B18181818-     	db 0x00, 0x00, 0x0e, 0x1b, 0x1b, 0x18, 0x18, 0x18, 0x18, 0x18, 0x18, 0x18, 0x18, 0x18, 0x18, 0x18
   685 00001048 18181818181818     
   686 0000104F 1818181818181818D8-     	db 0x18, 0x18, 0x18, 0x18, 0x18, 0x18, 0x18, 0x18, 0xd8, 0xd8, 0xd8, 0x70, 0x00, 0x00, 0x00, 0x00
   687 00001058 D8D87000000000     
   688 0000105F 000000001818007E00-     	db 0x00, 0x00, 0x00, 0x00, 0x18, 0x18, 0x00, 0x7e, 0x00, 0x18, 0x18, 0x00, 0x00, 0x00, 0x00, 0x00
   689 00001068 18180000000000     
   690 0000106F 000000000076DC0076-     	db 0x00, 0x00, 0x00, 0x00, 0x00, 0x76, 0xdc, 0x00, 0x76, 0xdc, 0x00, 0x00, 0x00, 0x00, 0x00, 0x00
   691 00001078 DC000000000000     
   692 0000107F 00386C6C3800000000-     	db 0x00, 0x38, 0x6c, 0x6c, 0x38, 0x00, 0x00, 0x00, 0x00, 0x00, 0x00, 0x00, 0x00, 0x00, 0x00, 0x00
   693 00001088 00000000000000     
   694 0000108F 000000000000001818-     	db 0x00, 0x00, 0x00, 0x00, 0x00, 0x00, 0x00, 0x18, 0x18, 0x00, 0x00, 0x00, 0x00, 0x00, 0x00, 0x00
   695 00001098 00000000000000     
   696 0000109F 000000000000000018-     	db 0x00, 0x00, 0x00, 0x00, 0x00, 0x00, 0x00, 0x00, 0x18, 0x00, 0x00, 0x00, 0x00, 0x00, 0x00, 0x00
   697 000010A8 00000000000000     
   698 000010AF 000F0C0C0C0C0CEC6C-     	db 0x00, 0x0f, 0x0c, 0x0c, 0x0c, 0x0c, 0x0c, 0xec, 0x6c, 0x6c, 0x3c, 0x1c, 0x00, 0x00, 0x00, 0x00
   699 000010B8 6C3C1C00000000     
   700 000010BF 00D86C6C6C6C6C0000-     	db 0x00, 0xd8, 0x6c, 0x6c, 0x6c, 0x6c, 0x6c, 0x00, 0x00, 0x00, 0x00, 0x00, 0x00, 0x00, 0x00, 0x00
   701 000010C8 00000000000000     
   702 000010CF 0070D83060C8F80000-     	db 0x00, 0x70, 0xd8, 0x30, 0x60, 0xc8, 0xf8, 0x00, 0x00, 0x00, 0x00, 0x00, 0x00, 0x00, 0x00, 0x00
   703 000010D8 00000000000000     
   704 000010DF 000000007C7C7C7C7C-     	db 0x00, 0x00, 0x00, 0x00, 0x7c, 0x7c, 0x7c, 0x7c, 0x7c, 0x7c, 0x7c, 0x00, 0x00, 0x00, 0x00, 0x00
   705 000010E8 7C7C0000000000     
   706 000010EF 000000000000000000-     	db 0x00, 0x00, 0x00, 0x00, 0x00, 0x00, 0x00, 0x00, 0x00, 0x00, 0x00, 0x00, 0x00, 0x00, 0x00, 0x00
   707 000010F8 00000000000000     
   708                                  
   709                                  ;--------------------------------------------------------------------------------
   710                                  ; Punto de entrada
   711                                  ;--------------------------------------------------------------------------------
   712                                  bios_init:
   713 000010FF 87DB                    	xchg	bx, bx				; Magic breakpoint
   714                                  
   715                                  ; Recorrer bus PCI. Bochs solo soporta bus cero ya que no tiene "PCI to PCI bridge".
   716                                  ; Cada bus tiene hasta 32 dispositivos.
   717                                  ; Si el dispositivo es compuesto puede tener hasta 8 funciones.
   718                                  ; Formato puerto 0x0CF8:
   719                                  ; Bit 31 = Siempre a "1"
   720                                  ; Bits 30-24 = Reservado (siempre a "0")
   721                                  ; Bits 23-16 = Número de bus (0 en nuestra aplicación)
   722                                  ; Bits 15-11 = Número de dispositivo (0-31)
   723                                  ; Bits 10-8 = Número de función (0-7)
   724                                  ; Bits 7-2 = Número de registro
   725                                  ; Bits 1-0: Siempre cero.
   726                                  
   727                                  recorrer_bus_pci:
   728 00001101 66BD00400000            	mov 	ebp, 0x4000     	; Primera dirección de entrada/salida para PCI.
   729 00001107 66BF000000C0            	mov 	edi, 0xC0000000 	; Primera dirección a asignar a dispositivos PCI.
   730 0000110D 66BE00000080            	mov 	esi, 0x80000000 	; Bus 0, dispositivo 0, función 0.
   731                                  
   732                                  ciclo_recorrer_bus_pci:
   733 00001113 6681FE00000180          	cmp 	esi, 0x80010000 	; Verificar si se recorrió todo el bus 0.
   734 0000111A 0F843001                	jz 		fin_recorrido_pci
   735                                  								; Leer registro 0: Bits 31-16: device ID,
   736                                  leer_registro_pci 0        		; Bits 15-0: vendor ID.
   737 0000111E 66B800000000        <1>  mov eax, %1
   738 00001124 6609F0              <1>  or eax, esi
   739 00001127 BAF80C              <1>  mov dx, 0x0CF8
   740 0000112A 66EF                <1>  out dx, eax
   741 0000112C BAFC0C              <1>  mov dx, 0x0CFC
   742 0000112F 66ED                <1>  in eax, dx
   743 00001131 83F8FF                  	cmp 	ax, 0xFFFF      	; Vendor ID 0xFFFF no existe.
   744 00001134 7509                    	jnz 	dispositivo_hallado
   745 00001136 6681C600080000          	add 	esi,0x0800     		; Ir al siguiente dispositivo
   746 0000113D EBD4                    	jmp 	ciclo_recorrer_bus_pci
   747                                  
   748                                  dispositivo_hallado:			; Leer registro 0x0C: Bit 23: multiple function bit
   749                                  	leer_registro_pci 0x0C
   750 0000113F 66B80C000000        <1>  mov eax, %1
   751 00001145 6609F0              <1>  or eax, esi
   752 00001148 BAF80C              <1>  mov dx, 0x0CF8
   753 0000114B 66EF                <1>  out dx, eax
   754 0000114D BAFC0C              <1>  mov dx, 0x0CFC
   755 00001150 66ED                <1>  in eax, dx
   756 00001152 B508                    	mov 	ch, 8       	    ; Cantidad de funciones a procesar.
   757 00001154 660FBAE017              	bt 		eax, 23
   758 00001159 7202                    	jc 		procesar_funcion
   759 0000115B B501                    	mov 	ch, 1
   760                                  	
   761                                  procesar_funcion:				; Leer registro 0: Bits 31-16: device ID,
   762                                  	leer_registro_pci 0      	; Bits 15-0: vendor ID.
   763 0000115D 66B800000000        <1>  mov eax, %1
   764 00001163 6609F0              <1>  or eax, esi
   765 00001166 BAF80C              <1>  mov dx, 0x0CF8
   766 00001169 66EF                <1>  out dx, eax
   767 0000116B BAFC0C              <1>  mov dx, 0x0CFC
   768 0000116E 66ED                <1>  in eax, dx
   769 00001170 83F8FF                  	cmp  	ax, 0xFFFF    		; Vendor ID 0xFFFF no existe.
   770 00001173 7523                    	jnz 	funcion_hallada   
   771                                  
   772                                  ir_a_siguiente_funcion:
   773 00001175 6681C600010000          	add 	esi, 0x0100    		; Ir a la siguiente función
   774 0000117C FECD                    	dec 	ch
   775 0000117E 75DD                    	jnz 	procesar_funcion
   776 00001180 6681EE00010000          	sub 	esi, 0x0100     	; Ir al siguiente dispositivo
   777 00001187 6681CE00070000          	or		esi, 0x0700
   778 0000118E 6681C600010000          	add 	esi, 0x0100
   779 00001195 E97BFF                  	jmp 	ciclo_recorrer_bus_pci
   780                                  
   781                                  funcion_hallada:				; Leer registro 0x0C: Bits 22-16: header type
   782                                  	leer_registro_pci 0x0C
   783 00001198 66B80C000000        <1>  mov eax, %1
   784 0000119E 6609F0              <1>  or eax, esi
   785 000011A1 BAF80C              <1>  mov dx, 0x0CF8
   786 000011A4 66EF                <1>  out dx, eax
   787 000011A6 BAFC0C              <1>  mov dx, 0x0CFC
   788 000011A9 66ED                <1>  in eax, dx
   789 000011AB 66A900007F00            	test 	eax,0x007F0000 		; Solo soportamos header type cero.
   790 000011B1 75C2                    	jnz 	ir_a_siguiente_funcion
   791                                  	leer_registro_pci 0x08		; Leer clase y subclase.
   792 000011B3 66B808000000        <1>  mov eax, %1
   793 000011B9 6609F0              <1>  or eax, esi
   794 000011BC BAF80C              <1>  mov dx, 0x0CF8
   795 000011BF 66EF                <1>  out dx, eax
   796 000011C1 BAFC0C              <1>  mov dx, 0x0CFC
   797 000011C4 66ED                <1>  in eax, dx
   798 000011C6 B110                    	mov 	cl, 0x10         	; Apuntar al primer Base Address Register (BAR)
   799                                  
   800                                  ciclo_llenar_BAR:
   801 000011C8 660FB6C1                	movzx 	eax, cl
   802 000011CC 6609F0                  	or 		eax, esi 
   803 000011CF BAF80C                  	mov		dx, 0x0CF8
   804 000011D2 66EF                    	out		dx, eax
   805 000011D4 66B8FFFFFFFF            	mov 	eax, 0xFFFFFFFF  	; Escribir 0xFFFFFFFF en el BAR
   806 000011DA BAFC0C                  	mov 	dx, 0x0CFC  
   807 000011DD 66EF                    	out 	dx, eax
   808 000011DF 660FB6C1                	movzx 	eax, cl
   809                                  	leer_registro_pci eax 		; Leerlo.
   810 000011E3 6689C0              <1>  mov eax, %1
   811 000011E6 6609F0              <1>  or eax, esi
   812 000011E9 BAF80C              <1>  mov dx, 0x0CF8
   813 000011EC 66EF                <1>  out dx, eax
   814 000011EE BAFC0C              <1>  mov dx, 0x0CFC
   815 000011F1 66ED                <1>  in eax, dx
   816 000011F3 A801                    	test 	al, 1           	; Ver si el dispositivo está mapeado en memoria.
   817 000011F5 741E                    	jz 		mapeado_en_memoria
   818 000011F7 83E0FC                  	and  	ax, 0xFFFC       	; Eliminar los dos bits que no se usan para ports.
   819 000011FA 7445                    	jz 		ajustar_siguiente_BAR  ; El dispositivo no usa este BAR.
   820 000011FC 66F7D0                  	not 	eax             	; Convertir en cantidad de bytes que se usa - 1.
   821 000011FF 6689C3                  	mov 	ebx, eax
   822 00001202 4D                      	dec 	bp              	; Poner BP en dirección múltiplo de la cantidad
   823 00001203 09C5                    	or 		bp, ax            	; de bytes que usa esta función.
   824 00001205 45                      	inc 	bp
   825 00001206 660FB6C1                	movzx 	eax, cl
   826 0000120A 6609F0                  	or 		eax, esi 
   827 0000120D BAF80C                  	mov 	dx, 0x0CF8
   828 00001210 6689E8                  	mov 	eax, ebp
   829 00001213 EB22                    	jmp 	ajustar_BAR
   830                                  
   831                                  mapeado_en_memoria:
   832 00001215 6683E0F0                	and 	eax, 0xFFFFFFF0  	; Eliminar los 4 bits que no se usan para puntero.
   833 00001219 7426                    	jz 		ajustar_siguiente_BAR  ; El dispositivo no usa este BAR.
   834 0000121B 66F7D0                  	not 	eax             	; Convertir en cantidad de bytes que se usa - 1.
   835 0000121E 6689C3                  	mov 	ebx, eax
   836 00001221 664F                    	dec 	edi             	; Poner EDI en dirección múltiplo de la cantidad
   837 00001223 6609C7                  	or 		edi, eax          	; de bytes que usa esta función.
   838 00001226 6647                    	inc 	edi
   839 00001228 660FB6C1                	movzx 	eax, cl
   840 0000122C 6609F0                  	or 		eax, esi 
   841 0000122F BAF80C                  	mov 	dx, 0x0CF8
   842 00001232 66EF                    	out 	dx, eax
   843 00001234 6689F8                  	mov 	eax, edi
   844                                  
   845                                  ajustar_BAR:
   846 00001237 BAFC0C                  	mov 	dx, 0x0CFC  
   847 0000123A 66EF                    	out 	dx, eax
   848 0000123C 6601DD                  	add 	ebp, ebx         	; Apuntar a puerto después de esta función.
   849 0000123F 6645                    	inc 	ebp
   850                                  
   851                                  ajustar_siguiente_BAR:
   852 00001241 80C104                  	add 	cl, 4          	  	; Apuntar al siguiente BAR.
   853 00001244 80F928                  	cmp 	cl, 0x28         	; Todos los BAR listos?
   854 00001247 0F857DFF                	jnz 	ciclo_llenar_BAR
   855 0000124B E927FF                  	jmp 	ir_a_siguiente_funcion
   856                                  fin_recorrido_pci:
   857                                   
   858                                  ;--------------------------------------------------------------------------------
   859                                  ; Inicializar pantalla con texto
   860                                  ;--------------------------------------------------------------------------------
   861                                  habilitar_modo_texto:
   862                                  ; Set MISC regs
   863 0000124E BAC203                  	mov 	dx, 0x3C2  			; VGA_MISC_ADDR
   864 00001251 B067                    	mov 	al, 0x67
   865 00001253 EE                      	out 	dx, al
   866 00001254 BADA03                  	mov 	dx, 0x3DA  			; VGA_STATUS_ADDR
   867 00001257 B000                    	mov 	al, 0
   868 00001259 EE                      	out 	dx, al
   869                                  ; Send SEQ regs
   870 0000125A FC                      	cld
   871 0000125B B100                    	mov 	cl, 0
   872 0000125D BE[0300]                	mov 	si, seq_regs_data
   873                                  
   874                                  seq_regs_loop:
   875 00001260 BAC403                  	mov dx, 0x3C4  				; Puerto del secuenciador VGA (índice)
   876 00001263 88C8                    	mov al, cl
   877 00001265 EE                      	out dx, al
   878                                  
   879 00001266 42                      	inc 	dx         			; Puerto del secuenciador VGA (datos)
   880 00001267 2EAC                    	cs 	lodsb       			; Leer dato a escribit en puerto.
   881 00001269 EE                      	out 	dx, al     			; Escribir en controlador VGA.
   882                                  
   883                                  ; continue loop
   884 0000126A FEC1                    	inc 	cl         			; Siguiente índice.
   885 0000126C 80F905                  	cmp 	cl, 5
   886 0000126F 75EF                    	jne 	seq_regs_loop
   887                                  
   888                                  ; Eliminar protección de los registros 0 a 7 del controlador VGA.
   889 00001271 B8112C                  	mov 	ax, 0x2C11
   890 00001274 BAD403                  	mov 	dx, 0x3D4  			; VGA_CRTC_ADDR
   891 00001277 EF                      	out 	dx, ax
   892                                  
   893                                  ; send CRTC regs
   894 00001278 B100                    	mov 	cl, 0
   895 0000127A BE[0800]                	mov 	si, crtc_regs_data
   896                                  crtc_regs_loop:
   897 0000127D BAD403                  	mov 	dx, 0x3D4  			; Puerto de índice del controlador VGA
   898 00001280 88C8                    	mov 	al, cl
   899 00001282 EE                      	out 	dx, al
   900 00001283 2EAC                    	cs 		lodsb
   901 00001285 42                      	inc 	dx         			; Puerto de datos del controlador VGA.
   902 00001286 EE                      	out 	dx, al
   903 00001287 FEC1                    	inc 	cl
   904 00001289 80F919                  	cmp 	cl, 25
   905 0000128C 72EF                    	jb 	crtc_regs_loop
   906                                  
   907                                  inicializar_paleta:
   908 0000128E B100                    	mov 	cl, 0
   909 00001290 BE[3F00]                	mov 	si, palette_data
   910                                  inicializar_paleta_loop:
   911 00001293 BAC803                  	mov 	dx, 0x3C8 			; Puerto de índice paleta
   912 00001296 88C8                    	mov 	al, cl    			; Escribir número de registro
   913 00001298 EE                      	out 	dx, al
   914 00001299 42                      	inc 	dx        			; Apuntar al puerto de datos.
   915 0000129A 2EAC                    	cs 		lodsb      			; Leer dato a cargar en el registro.
   916 0000129C EE                      	out 	dx, al    			; Cargar dato en el registro.
   917 0000129D 2EAC                    	cs 		lodsb      			; Leer dato a cargar en el registro.
   918 0000129F EE                      	out		dx, al    			; Cargar dato en el registro.
   919 000012A0 2EAC                    	cs 		lodsb      			; Leer dato a cargar en el registro.
   920 000012A2 EE                      	out 	dx, al    			; Cargar dato en el registro.
   921 000012A3 FEC1                    	inc 	cl
   922 000012A5 80F940                  	cmp 	cl,64
   923 000012A8 72E9                    	jb 		inicializar_paleta_loop
   924                                  ;Inicializar registros del controlador gráfico de VGA.
   925 000012AA B100                    	mov 	cl, 0
   926 000012AC BE[2100]                	mov 	si, graphics_regs_data
   927                                  graphics_regs_loop:
   928                                  ; send register number to 3CE
   929 000012AF BACE03                  	mov 	dx, 0x3CE 			; VGA_GRAPHICS_CONTROLLER_ADDR
   930 000012B2 88C8                    	mov 	al, cl
   931 000012B4 EE                      	out 	dx, al
   932                                  
   933                                  ; send register value to 3CF
   934 000012B5 2EAC                    	cs 		lodsb
   935 000012B7 42                      	inc		dx
   936 000012B8 EE                      	out 	dx, al
   937                                  
   938                                  ; continue GRAPHICS loop
   939 000012B9 FEC1                    	inc 	cl
   940 000012BB 80F909                  	cmp 	cl, 9
   941 000012BE 72EF                    	jb 		graphics_regs_loop
   942                                  
   943                                  ; Habilitar escritura al puerto del controlador de atributos
   944 000012C0 BADA03                  	mov 	dx, 0x3DA 			; VGA STATUS ADDR
   945 000012C3 EC                      	in 		al, dx
   946                                  ; Inicializar registros del controlador de atributos.
   947 000012C4 B100                    	mov 	cl, 0
   948 000012C6 BE[2A00]                	mov 	si, attrcon_regs_data
   949                                  attrcon_regs_loop:
   950                                  ; Apuntar al controlador de atributos.
   951 000012C9 BAC003                  	mov 	dx, 0x3C0 			; VGA_ATTRCON_ADDR
   952 000012CC 88C8                    	mov 	al, cl   			; Escribir número de registro
   953 000012CE EE                      	out 	dx, al
   954 000012CF 2EAC                    	cs 		lodsb      			; Leer dato a cargar en el registro.
   955 000012D1 EE                      	out 	dx, al    			; Cargar dato en el registro.
   956                                   
   957 000012D2 FEC1                    	inc 	cl        			; Apuntar al siguiente registro.
   958 000012D4 80F915                  	cmp 	cl, 21    			; Ver si se escribieron todos los registros del ATTRCON.
   959 000012D7 72F0                    	jb 		attrcon_regs_loop 	; Saltar si no es así.
   960                                  
   961 000012D9 B020                    	mov 	al, 0x20  			; Reactivar el refresco de pantalla porque la
   962 000012DB EE                      	out 	dx, al    			; escritura a registros de ATTRCON lo desactiva.
   963                                  
   964 000012DC BACE03                  	mov 	dx, 0x03ce 			; borrar modo par/impar
   965 000012DF B80500                  	mov 	ax, 5
   966 000012E2 EF                      	out 	dx, ax
   967                                  
   968 000012E3 B80604                  	mov 	ax, 0x0406 			; Mapear memoria VGA a 0xA0000.
   969 000012E6 EF                      	out 	dx, ax
   970                                  
   971 000012E7 BAC403                  	mov 	dx, 0x03c4			; Poner el plano de bits número 2
   972 000012EA B80204                  	mov 	ax, 0x0402
   973 000012ED EF                      	out 	dx, ax
   974                                  
   975 000012EE B80406                  	mov 	ax, 0x0604  		; Borrar modo par/impar.
   976 000012F1 EF                      	out 	dx, ax
   977                                  
   978 000012F2 B800A0                  	mov 	ax, 0xA000  		; Copiar mapa de caracteres.
   979 000012F5 8EC0                    	mov 	es, ax
   980 000012F7 BF0000                  	mov 	di, 0x0000
   981 000012FA BE[FF00]                	mov 	si, font16x8
   982 000012FD B90001                  	mov 	cx, 256
   983                                  ciclo_copia_fonts:
   984 00001300 2E66A5                  	cs 		movsd         		; Copiar 16 bytes al bitmap.
   985 00001303 2E66A5                  	cs 		movsd
   986 00001306 2E66A5                  	cs 		movsd
   987 00001309 2E66A5                  	cs 		movsd
   988 0000130C 83C710                  	add 	di, 16       		; Saltear 16 bytes (VGA requiere 32 bytes/carácter)
   989 0000130F E2EF                    	loop 	ciclo_copia_fonts
   990                                  
   991 00001311 B80203                  	mov 	ax, 0x0302   		; Volver a la operación normal.
   992 00001314 EF                      	out 	dx, ax
   993 00001315 B80402                  	mov 	ax, 0x0204
   994 00001318 EF                      	out 	dx, ax
   995 00001319 BACE03                  	mov 	dx, 0x03ce
   996 0000131C B80510                  	mov 	ax, 0x1005
   997 0000131F EF                      	out 	dx, ax
   998 00001320 B8060E                  	mov 	ax, 0x0E06
   999 00001323 EF                      	out 	dx, ax
  1000                                  	  
  1001                                  
  1002                                  ;*********************************************************	  
  1003                                  ; Pasaje a Modo Protegido y salto a flush_prefetch_queue
  1004                                  ;*********************************************************	  
  1005                                      ;;Codigo agregado por Gonzalo
  1006 00001324 87DB                        xchg bx,bx; magic breakpoint
  1007                                      
  1008 00001326 FA                          cli
  1009 00001327 B800F0                      mov ax, ROM_LOCATION >> 4 ;Segmento ubicado al comienzo del bloque
  1010 0000132A 8ED8                        mov ds, ax
  1011 0000132C 8EC0                        mov es, ax
  1012                                      
  1013 0000132E E81B00                      call HabilitarA20
  1014 00001331 0F0116[B413]                lgdt [gdtr_img]; GDTR provisoria para 16 bits
  1015                                      
  1016 00001336 660F01E0                    smsw eax
  1017 0000133A 6683C801                    or eax, CR0_PE ; Establecer el uP en MP
  1018 0000133E 0F01F0                      lmsw ax; 
  1019                                      
  1020                                  
  1021                                        ; o32 jmp dowrd CS_SEL_32:flush_prefetch_queue
  1022 00001341 66                          db 066h ; Prefijo
  1023 00001342 EA                          db 0EAh ; jmp
  1024 00001343 [BA13]                      dw flush_prefetch_queue ; offset parte baja
  1025 00001345 0F00                        dw ROM_LOCATION >> 16; offset parte alta
  1026 00001347 0800                        dw CS_SEL ; selector
  1027                                      
  1028                                      ;; Fin codigo agregado por gonzalo
  1029                                  			  
  1030                                  fault_end:
  1031 00001349 F4                      	hlt
  1032 0000134A EBFD                    	jmp 	fault_end
  1033                                  
  1034                                  ;--------------------------------------------------------------------------------------------------------
  1035                                  ; Habilito puerta A20
  1036                                  ;--------------------------------------------------------------------------------------------------------
  1037                                  HabilitarA20:
  1038 0000134C B8FFFF                  	mov		ax, 0xFFFF					; AX=0xFFFF
  1039 0000134F 8EC0                    	mov		es, ax
  1040 00001351 26813E0E7E55AA          	cmp		word [es:0x7E0E], 0xAA55 	; vemos si 0x107E0E coincide con 0x7E0E
  1041 00001358 740D                    	je		GateA20_disabled			; Coincide => A20 deshabilitada
  1042 0000135A D106FE7D                	rol		word [0x7DFE], 1			; Modifico 0x7E0E
  1043 0000135E 26813E0E7EAA55          	cmp		word [es:0x7E0E], 0x55AA	; Cambió 0x107E0E?
  1044 00001365 750C                    	jne		GateA20_enabled				; Si no cambió entonces A20 está enabled
  1045                                  GateA20_disabled:
  1046 00001367 B0DF                    	mov		al, 0xDF					; Comando de habilitación de A20
  1047 00001369 E80E00                  	call	Gate_A20					; habilitar Gate A20
  1048 0000136C 3C00                    	cmp		al, 0						; OK?
  1049 0000136E 7403                    	je		GateA20_enabled				; OK => seguimos...
  1050                                  Fail:
  1051 00001370 F4                      	hlt									; colgamos el micro sin pasar por MP
  1052 00001371 EBFD                    	jmp		Fail
  1053                                  GateA20_enabled:
  1054 00001373 C706FE7D55AA            	mov		word [0x7DFE], 0xAA55		; restituimos la firma del bootloader
  1055 00001379 C3                      	ret
  1056                                  
  1057                                  ;--------------------------------------------------------------------------------------------------------
  1058                                  ; GATE_A20:
  1059                                  ; Controla la señal que maneja la compuerta del bit de direcciones A20. La señal de compuerta del bit A20 
  1060                                  ; toma una salida del procesador de teclado 8042.
  1061                                  ; Se debe utilizar cuando se planea acceder en Modo Protegido a direcciones de memoria mas allá del 
  1062                                  ; 1er. Mbyte.
  1063                                  ; El port 60h como entrada lee el scan code de la última tecla presionada, o liberada por el operador de 
  1064                                  ; la PC. Como salida tiene funciones muy específicas bit a bit: En particular el Bit 1 se utiliza para 
  1065                                  ; activar el Gate de A20 si se pone en 1 y desactivarlo si está en 0.
  1066                                  ; Por otra parte el port 64h es el registro de comandos/estados según se escriba o lea respectivamente
  1067                                  ; Llamar con :   AH = 0DDh, si se desea apagar esta se#al. (A20 siempre cero).
  1068                                  ;                AL = 0DFh, si se desea disparar esta se#al. (x86 controla A20)
  1069                                  ; Devuelve :     AL = 00, si hubo exito. El 8042 acepto el comando.
  1070                                  ;                AL = 02, si fallo. El 8042 no acepto el comando.
  1071                                  ; En BIOS nuevos aparece la INT 15h con ax 2400 disable, o 2401 enable
  1072                                  ;--------------------------------------------------------------------------------------------------------
  1073                                  %define 	port_a  	060h			; Direccion de E/S del Port A del 8042
  1074                                  %define 	ctrl_port	064h			; port de Estados del 8042
  1075                                  
  1076                                  Gate_A20:
  1077 0000137A FA                      	cli									; Mientras usa el 8042, no INTR
  1078                                  
  1079 0000137B E81300                  	call   	_8042_empty?				; Ve si buffer del 8042 está vacío.
  1080 0000137E 7510                    	jnz    	gate_a20_exit				; No lo está =>retorna con AL=2.
  1081                                  
  1082 00001380 B0D1                    	mov    	al, 0xD1					; Comando Write port del 8042..
  1083 00001382 E664                    	out    	ctrl_port,al				; ...se env¡a al port 64h.
  1084                                  
  1085 00001384 E80A00                  	call   	_8042_empty?				; Espera se acepte el comando.
  1086 00001387 7507                    	jnz    	gate_a20_exit				; Si no se acepta, Ret con AL=2
  1087                                  
  1088 00001389 88E0                    	mov    	al,ah						; Pone en AL el dato a escribir.
  1089 0000138B E660                    	out  	port_a, al					; Lo env¡a al 8042.
  1090 0000138D E80100                  	call	_8042_empty?				; Espera se acepte el comando.
  1091                                  gate_a20_exit:
  1092 00001390 C3                      	ret
  1093                                  
  1094                                  ;--------------------------------------------------------------------------------------------------------
  1095                                  ;8042_empty?:
  1096                                  ;Espera que se vac¡e el buffer del 8042. 
  1097                                  ;Llamar con :   Nada.
  1098                                  ;Devuelve :     AL = 00, el buffer del 8042 est  vac¡o.(ZF = 1)
  1099                                  ;               AL = 02, time out. El buffer del 8042 sigue lleno. (ZF = 0)
  1100                                  ;--------------------------------------------------------------------------------------------------------
  1101                                  _8042_empty?:
  1102 00001391 51                      	push   	cx               			; salva CX.
  1103 00001392 29C9                    	sub    	cx, cx          			; CX = 0 : valor de time out.
  1104                                  empty_8042_01: 
  1105 00001394 E464                    	in      al, ctrl_port  		  		; Lee port de estado del 8042.
  1106 00001396 2402                    	and    	al, 00000010b    			; si el bit 1 est  seteado o...
  1107 00001398 E0FA                    	loopnz 	empty_8042_01   			; no alcanzó time out, espera.
  1108 0000139A 59                      	pop   	cx          		     	; recupera cx
  1109 0000139B C3                      	ret                 	         	; retorna con AL=0, si se limpió bit 1, o AL=2 si no.
  1110                                  	
  1111                                  	
  1112                                  ;--------------------------------------------------------------------------------
  1113                                  ; GDT provisoria para inicio en 16 bits. Queda dentro del binario init16.bin
  1114                                  ;--------------------------------------------------------------------------------
  1115                                  ALIGN 4
  1116                                  GDT16:
  1117                                  NULL_SEL	equ		$-GDT16
  1118 0000139C 0000000000000000        	dq		0x0
  1119                                  
  1120                                  CS_SEL   	equ 	$-GDT16
  1121 000013A4 FFFF                    	dw 		0xFFFF 
  1122 000013A6 0000                    	dw 		0x0000
  1123 000013A8 00                      	db 		0x00
  1124 000013A9 9A                      	db 		0x9A
  1125 000013AA CF                      	db 		0xCF
  1126 000013AB 00                      	db 		0
  1127                                  		
  1128                                  DS_SEL 		equ 	$-GDT16
  1129 000013AC FFFF                    	dw 		0xFFFF 
  1130 000013AE 0000                    	dw 		0x0000
  1131 000013B0 00                      	db 		0x00
  1132 000013B1 92                      	db 		0x92
  1133 000013B2 CF                      	db 		0xCF
  1134 000013B3 00                      	db 		0
  1135                                  
  1136                                  GDT_LENGTH 	equ 	$-GDT16
  1137                                  
  1138                                  gdtr_img:
  1139 000013B4 1700                    	dw 		GDT_LENGTH-1
  1140 000013B6 [9C130F00]              	dd 		GDT16 + ROM_LOCATION
  1141                                  	
  1142                                  ;********************************************************************************
  1143                                  ; Modo protegido
  1144                                  ;********************************************************************************
  1145                                  USE32
  1146                                  
  1147                                  flush_prefetch_queue:
  1148                                      ;Codigo agregado por gonzalo
  1149 000013BA 66B81000                    mov ax, DS_SEL
  1150 000013BE 8ED8                        mov ds, ax
  1151 000013C0 8EC0                        mov es, ax
  1152                                      ;Codigo agregado por gonzalo									  ; Continua ejecutando en init32.asm
  1153                                  												 
  1154                                  ;********************************************************************************
  1155                                  ; 						-  -- --- Fin de archivo --- --  -
  1156                                  ; D. Garcia 																c2013
  1157                                  ;********************************************************************************
